

*******************************************************************************
Thu Apr 30 00:38:29 2020


FIT:    data read from 'bon/X256Ttc4.00_mu_F4.00' u 1:3
        format = x:z
        #datapoints = 100
        residuals are weighted equally (unit weight)

function used for fitting: f(x)
	f(x) = a*x**n+b
fitted parameters initialized with current variable values

iter      chisq       delta/lim  lambda   a             n             b            
   0 1.0307691714e+03   0.00e+00  2.08e+00    1.000000e+00   1.000000e+00   1.000000e+00
  73 8.4281079361e-08  -2.46e-05  2.08e-08    1.544107e-04   1.986737e+00   7.683733e-03

After 73 iterations the fit converged.
final sum of squares of residuals : 8.42811e-08
rel. change during last iteration : -2.46077e-10

degrees of freedom    (FIT_NDF)                        : 97
rms of residuals      (FIT_STDFIT) = sqrt(WSSR/ndf)    : 2.94767e-05
variance of residuals (reduced chisquare) = WSSR/ndf   : 8.68877e-10

Final set of parameters            Asymptotic Standard Error
=======================            ==========================
a               = 0.000154411      +/- 4.227e-06    (2.737%)
n               = 1.98674          +/- 0.01993      (1.003%)
b               = 0.00768373       +/- 6.593e-06    (0.0858%)

correlation matrix of the fit parameters:
                a      n      b      
a               1.000 
n              -0.989  1.000 
b              -0.808  0.742  1.000 
