The system is: Linux - 3.10.0-693.33.1.el7.x86_64 - x86_64
Compiling the C compiler identification source file "CMakeCCompilerId.c" succeeded.
Compiler: /usr/bin/cc 
Build flags: 
Id flags: 

The output was:
0


Compilation of the C compiler identification source "CMakeCCompilerId.c" produced "a.out"

The C compiler identification is GNU, found in "/gpfs/home/pgersberg/libeigen/buikd_dir/CMakeFiles/2.8.12.2/CompilerIdC/a.out"

Compiling the CXX compiler identification source file "CMakeCXXCompilerId.cpp" succeeded.
Compiler: /usr/bin/c++ 
Build flags: 
Id flags: 

The output was:
0


Compilation of the CXX compiler identification source "CMakeCXXCompilerId.cpp" produced "a.out"

The CXX compiler identification is GNU, found in "/gpfs/home/pgersberg/libeigen/buikd_dir/CMakeFiles/2.8.12.2/CompilerIdCXX/a.out"

Determining if the C compiler works passed with the following output:
Change Dir: /gpfs/home/pgersberg/libeigen/buikd_dir/CMakeFiles/CMakeTmp

Run Build Command:/usr/bin/gmake "cmTryCompileExec1753591710/fast"
/usr/bin/gmake -f CMakeFiles/cmTryCompileExec1753591710.dir/build.make CMakeFiles/cmTryCompileExec1753591710.dir/build
gmake[1] : on entre dans le répertoire « /gpfs/home/pgersberg/libeigen/buikd_dir/CMakeFiles/CMakeTmp »
/usr/bin/cmake -E cmake_progress_report /gpfs/home/pgersberg/libeigen/buikd_dir/CMakeFiles/CMakeTmp/CMakeFiles 1
Building C object CMakeFiles/cmTryCompileExec1753591710.dir/testCCompiler.c.o
/usr/bin/cc    -o CMakeFiles/cmTryCompileExec1753591710.dir/testCCompiler.c.o   -c /gpfs/home/pgersberg/libeigen/buikd_dir/CMakeFiles/CMakeTmp/testCCompiler.c
Linking C executable cmTryCompileExec1753591710
/usr/bin/cmake -E cmake_link_script CMakeFiles/cmTryCompileExec1753591710.dir/link.txt --verbose=1
/usr/bin/cc       CMakeFiles/cmTryCompileExec1753591710.dir/testCCompiler.c.o  -o cmTryCompileExec1753591710 -rdynamic 
gmake[1] : on quitte le répertoire « /gpfs/home/pgersberg/libeigen/buikd_dir/CMakeFiles/CMakeTmp »


Detecting C compiler ABI info compiled with the following output:
Change Dir: /gpfs/home/pgersberg/libeigen/buikd_dir/CMakeFiles/CMakeTmp

Run Build Command:/usr/bin/gmake "cmTryCompileExec3260263698/fast"
/usr/bin/gmake -f CMakeFiles/cmTryCompileExec3260263698.dir/build.make CMakeFiles/cmTryCompileExec3260263698.dir/build
gmake[1] : on entre dans le répertoire « /gpfs/home/pgersberg/libeigen/buikd_dir/CMakeFiles/CMakeTmp »
/usr/bin/cmake -E cmake_progress_report /gpfs/home/pgersberg/libeigen/buikd_dir/CMakeFiles/CMakeTmp/CMakeFiles 1
Building C object CMakeFiles/cmTryCompileExec3260263698.dir/CMakeCCompilerABI.c.o
/usr/bin/cc    -o CMakeFiles/cmTryCompileExec3260263698.dir/CMakeCCompilerABI.c.o   -c /usr/share/cmake/Modules/CMakeCCompilerABI.c
Linking C executable cmTryCompileExec3260263698
/usr/bin/cmake -E cmake_link_script CMakeFiles/cmTryCompileExec3260263698.dir/link.txt --verbose=1
/usr/bin/cc     -v CMakeFiles/cmTryCompileExec3260263698.dir/CMakeCCompilerABI.c.o  -o cmTryCompileExec3260263698 -rdynamic  
Utilisation des specs internes.
COLLECT_GCC=/usr/bin/cc
COLLECT_LTO_WRAPPER=/usr/libexec/gcc/x86_64-redhat-linux/4.8.5/lto-wrapper
Target: x86_64-redhat-linux
Configuré avec: ../configure --prefix=/usr --mandir=/usr/share/man --infodir=/usr/share/info --with-bugurl=http://bugzilla.redhat.com/bugzilla --enable-bootstrap --enable-shared --enable-threads=posix --enable-checking=release --with-system-zlib --enable-__cxa_atexit --disable-libunwind-exceptions --enable-gnu-unique-object --enable-linker-build-id --with-linker-hash-style=gnu --enable-languages=c,c++,objc,obj-c++,java,fortran,ada,go,lto --enable-plugin --enable-initfini-array --disable-libgcj --with-isl=/builddir/build/BUILD/gcc-4.8.5-20150702/obj-x86_64-redhat-linux/isl-install --with-cloog=/builddir/build/BUILD/gcc-4.8.5-20150702/obj-x86_64-redhat-linux/cloog-install --enable-gnu-indirect-function --with-tune=generic --with-arch_32=x86-64 --build=x86_64-redhat-linux
Modèle de thread: posix
gcc version 4.8.5 20150623 (Red Hat 4.8.5-36) (GCC) 
COMPILER_PATH=/usr/libexec/gcc/x86_64-redhat-linux/4.8.5/:/usr/libexec/gcc/x86_64-redhat-linux/4.8.5/:/usr/libexec/gcc/x86_64-redhat-linux/:/usr/lib/gcc/x86_64-redhat-linux/4.8.5/:/usr/lib/gcc/x86_64-redhat-linux/
LIBRARY_PATH=/usr/lib/gcc/x86_64-redhat-linux/4.8.5/:/usr/lib/gcc/x86_64-redhat-linux/4.8.5/../../../../lib64/:/lib/../lib64/:/usr/lib/../lib64/:/usr/lib/gcc/x86_64-redhat-linux/4.8.5/../../../:/lib/:/usr/lib/
COLLECT_GCC_OPTIONS='-v' '-o' 'cmTryCompileExec3260263698' '-rdynamic' '-mtune=generic' '-march=x86-64'
 /usr/libexec/gcc/x86_64-redhat-linux/4.8.5/collect2 --build-id --no-add-needed --eh-frame-hdr --hash-style=gnu -m elf_x86_64 -export-dynamic -dynamic-linker /lib64/ld-linux-x86-64.so.2 -o cmTryCompileExec3260263698 /usr/lib/gcc/x86_64-redhat-linux/4.8.5/../../../../lib64/crt1.o /usr/lib/gcc/x86_64-redhat-linux/4.8.5/../../../../lib64/crti.o /usr/lib/gcc/x86_64-redhat-linux/4.8.5/crtbegin.o -L/usr/lib/gcc/x86_64-redhat-linux/4.8.5 -L/usr/lib/gcc/x86_64-redhat-linux/4.8.5/../../../../lib64 -L/lib/../lib64 -L/usr/lib/../lib64 -L/usr/lib/gcc/x86_64-redhat-linux/4.8.5/../../.. CMakeFiles/cmTryCompileExec3260263698.dir/CMakeCCompilerABI.c.o -lgcc --as-needed -lgcc_s --no-as-needed -lc -lgcc --as-needed -lgcc_s --no-as-needed /usr/lib/gcc/x86_64-redhat-linux/4.8.5/crtend.o /usr/lib/gcc/x86_64-redhat-linux/4.8.5/../../../../lib64/crtn.o
gmake[1] : on quitte le répertoire « /gpfs/home/pgersberg/libeigen/buikd_dir/CMakeFiles/CMakeTmp »


Parsed C implicit link information from above output:
  link line regex: [^( *|.*[/\])(ld|([^/\]+-)?ld|collect2)[^/\]*( |$)]
  ignore line: [Change Dir: /gpfs/home/pgersberg/libeigen/buikd_dir/CMakeFiles/CMakeTmp]
  ignore line: []
  ignore line: [Run Build Command:/usr/bin/gmake "cmTryCompileExec3260263698/fast"]
  ignore line: [/usr/bin/gmake -f CMakeFiles/cmTryCompileExec3260263698.dir/build.make CMakeFiles/cmTryCompileExec3260263698.dir/build]
  ignore line: [gmake[1] : on entre dans le répertoire « /gpfs/home/pgersberg/libeigen/buikd_dir/CMakeFiles/CMakeTmp »]
  ignore line: [/usr/bin/cmake -E cmake_progress_report /gpfs/home/pgersberg/libeigen/buikd_dir/CMakeFiles/CMakeTmp/CMakeFiles 1]
  ignore line: [Building C object CMakeFiles/cmTryCompileExec3260263698.dir/CMakeCCompilerABI.c.o]
  ignore line: [/usr/bin/cc    -o CMakeFiles/cmTryCompileExec3260263698.dir/CMakeCCompilerABI.c.o   -c /usr/share/cmake/Modules/CMakeCCompilerABI.c]
  ignore line: [Linking C executable cmTryCompileExec3260263698]
  ignore line: [/usr/bin/cmake -E cmake_link_script CMakeFiles/cmTryCompileExec3260263698.dir/link.txt --verbose=1]
  ignore line: [/usr/bin/cc     -v CMakeFiles/cmTryCompileExec3260263698.dir/CMakeCCompilerABI.c.o  -o cmTryCompileExec3260263698 -rdynamic  ]
  ignore line: [Utilisation des specs internes.]
  ignore line: [COLLECT_GCC=/usr/bin/cc]
  ignore line: [COLLECT_LTO_WRAPPER=/usr/libexec/gcc/x86_64-redhat-linux/4.8.5/lto-wrapper]
  ignore line: [Target: x86_64-redhat-linux]
  ignore line: [Configuré avec: ../configure --prefix=/usr --mandir=/usr/share/man --infodir=/usr/share/info --with-bugurl=http://bugzilla.redhat.com/bugzilla --enable-bootstrap --enable-shared --enable-threads=posix --enable-checking=release --with-system-zlib --enable-__cxa_atexit --disable-libunwind-exceptions --enable-gnu-unique-object --enable-linker-build-id --with-linker-hash-style=gnu --enable-languages=c,c++,objc,obj-c++,java,fortran,ada,go,lto --enable-plugin --enable-initfini-array --disable-libgcj --with-isl=/builddir/build/BUILD/gcc-4.8.5-20150702/obj-x86_64-redhat-linux/isl-install --with-cloog=/builddir/build/BUILD/gcc-4.8.5-20150702/obj-x86_64-redhat-linux/cloog-install --enable-gnu-indirect-function --with-tune=generic --with-arch_32=x86-64 --build=x86_64-redhat-linux]
  ignore line: [Modèle de thread: posix]
  ignore line: [gcc version 4.8.5 20150623 (Red Hat 4.8.5-36) (GCC) ]
  ignore line: [COMPILER_PATH=/usr/libexec/gcc/x86_64-redhat-linux/4.8.5/:/usr/libexec/gcc/x86_64-redhat-linux/4.8.5/:/usr/libexec/gcc/x86_64-redhat-linux/:/usr/lib/gcc/x86_64-redhat-linux/4.8.5/:/usr/lib/gcc/x86_64-redhat-linux/]
  ignore line: [LIBRARY_PATH=/usr/lib/gcc/x86_64-redhat-linux/4.8.5/:/usr/lib/gcc/x86_64-redhat-linux/4.8.5/../../../../lib64/:/lib/../lib64/:/usr/lib/../lib64/:/usr/lib/gcc/x86_64-redhat-linux/4.8.5/../../../:/lib/:/usr/lib/]
  ignore line: [COLLECT_GCC_OPTIONS='-v' '-o' 'cmTryCompileExec3260263698' '-rdynamic' '-mtune=generic' '-march=x86-64']
  link line: [ /usr/libexec/gcc/x86_64-redhat-linux/4.8.5/collect2 --build-id --no-add-needed --eh-frame-hdr --hash-style=gnu -m elf_x86_64 -export-dynamic -dynamic-linker /lib64/ld-linux-x86-64.so.2 -o cmTryCompileExec3260263698 /usr/lib/gcc/x86_64-redhat-linux/4.8.5/../../../../lib64/crt1.o /usr/lib/gcc/x86_64-redhat-linux/4.8.5/../../../../lib64/crti.o /usr/lib/gcc/x86_64-redhat-linux/4.8.5/crtbegin.o -L/usr/lib/gcc/x86_64-redhat-linux/4.8.5 -L/usr/lib/gcc/x86_64-redhat-linux/4.8.5/../../../../lib64 -L/lib/../lib64 -L/usr/lib/../lib64 -L/usr/lib/gcc/x86_64-redhat-linux/4.8.5/../../.. CMakeFiles/cmTryCompileExec3260263698.dir/CMakeCCompilerABI.c.o -lgcc --as-needed -lgcc_s --no-as-needed -lc -lgcc --as-needed -lgcc_s --no-as-needed /usr/lib/gcc/x86_64-redhat-linux/4.8.5/crtend.o /usr/lib/gcc/x86_64-redhat-linux/4.8.5/../../../../lib64/crtn.o]
    arg [/usr/libexec/gcc/x86_64-redhat-linux/4.8.5/collect2] ==> ignore
    arg [--build-id] ==> ignore
    arg [--no-add-needed] ==> ignore
    arg [--eh-frame-hdr] ==> ignore
    arg [--hash-style=gnu] ==> ignore
    arg [-m] ==> ignore
    arg [elf_x86_64] ==> ignore
    arg [-export-dynamic] ==> ignore
    arg [-dynamic-linker] ==> ignore
    arg [/lib64/ld-linux-x86-64.so.2] ==> ignore
    arg [-o] ==> ignore
    arg [cmTryCompileExec3260263698] ==> ignore
    arg [/usr/lib/gcc/x86_64-redhat-linux/4.8.5/../../../../lib64/crt1.o] ==> ignore
    arg [/usr/lib/gcc/x86_64-redhat-linux/4.8.5/../../../../lib64/crti.o] ==> ignore
    arg [/usr/lib/gcc/x86_64-redhat-linux/4.8.5/crtbegin.o] ==> ignore
    arg [-L/usr/lib/gcc/x86_64-redhat-linux/4.8.5] ==> dir [/usr/lib/gcc/x86_64-redhat-linux/4.8.5]
    arg [-L/usr/lib/gcc/x86_64-redhat-linux/4.8.5/../../../../lib64] ==> dir [/usr/lib/gcc/x86_64-redhat-linux/4.8.5/../../../../lib64]
    arg [-L/lib/../lib64] ==> dir [/lib/../lib64]
    arg [-L/usr/lib/../lib64] ==> dir [/usr/lib/../lib64]
    arg [-L/usr/lib/gcc/x86_64-redhat-linux/4.8.5/../../..] ==> dir [/usr/lib/gcc/x86_64-redhat-linux/4.8.5/../../..]
    arg [CMakeFiles/cmTryCompileExec3260263698.dir/CMakeCCompilerABI.c.o] ==> ignore
    arg [-lgcc] ==> lib [gcc]
    arg [--as-needed] ==> ignore
    arg [-lgcc_s] ==> lib [gcc_s]
    arg [--no-as-needed] ==> ignore
    arg [-lc] ==> lib [c]
    arg [-lgcc] ==> lib [gcc]
    arg [--as-needed] ==> ignore
    arg [-lgcc_s] ==> lib [gcc_s]
    arg [--no-as-needed] ==> ignore
    arg [/usr/lib/gcc/x86_64-redhat-linux/4.8.5/crtend.o] ==> ignore
    arg [/usr/lib/gcc/x86_64-redhat-linux/4.8.5/../../../../lib64/crtn.o] ==> ignore
  remove lib [gcc]
  remove lib [gcc_s]
  remove lib [gcc]
  remove lib [gcc_s]
  collapse library dir [/usr/lib/gcc/x86_64-redhat-linux/4.8.5] ==> [/usr/lib/gcc/x86_64-redhat-linux/4.8.5]
  collapse library dir [/usr/lib/gcc/x86_64-redhat-linux/4.8.5/../../../../lib64] ==> [/usr/lib64]
  collapse library dir [/lib/../lib64] ==> [/lib64]
  collapse library dir [/usr/lib/../lib64] ==> [/usr/lib64]
  collapse library dir [/usr/lib/gcc/x86_64-redhat-linux/4.8.5/../../..] ==> [/usr/lib]
  implicit libs: [c]
  implicit dirs: [/usr/lib/gcc/x86_64-redhat-linux/4.8.5;/usr/lib64;/lib64;/usr/lib]
  implicit fwks: []


Determining if the CXX compiler works passed with the following output:
Change Dir: /gpfs/home/pgersberg/libeigen/buikd_dir/CMakeFiles/CMakeTmp

Run Build Command:/usr/bin/gmake "cmTryCompileExec1827761389/fast"
/usr/bin/gmake -f CMakeFiles/cmTryCompileExec1827761389.dir/build.make CMakeFiles/cmTryCompileExec1827761389.dir/build
gmake[1] : on entre dans le répertoire « /gpfs/home/pgersberg/libeigen/buikd_dir/CMakeFiles/CMakeTmp »
/usr/bin/cmake -E cmake_progress_report /gpfs/home/pgersberg/libeigen/buikd_dir/CMakeFiles/CMakeTmp/CMakeFiles 1
Building CXX object CMakeFiles/cmTryCompileExec1827761389.dir/testCXXCompiler.cxx.o
/usr/bin/c++     -o CMakeFiles/cmTryCompileExec1827761389.dir/testCXXCompiler.cxx.o -c /gpfs/home/pgersberg/libeigen/buikd_dir/CMakeFiles/CMakeTmp/testCXXCompiler.cxx
Linking CXX executable cmTryCompileExec1827761389
/usr/bin/cmake -E cmake_link_script CMakeFiles/cmTryCompileExec1827761389.dir/link.txt --verbose=1
/usr/bin/c++        CMakeFiles/cmTryCompileExec1827761389.dir/testCXXCompiler.cxx.o  -o cmTryCompileExec1827761389 -rdynamic 
gmake[1] : on quitte le répertoire « /gpfs/home/pgersberg/libeigen/buikd_dir/CMakeFiles/CMakeTmp »


Detecting CXX compiler ABI info compiled with the following output:
Change Dir: /gpfs/home/pgersberg/libeigen/buikd_dir/CMakeFiles/CMakeTmp

Run Build Command:/usr/bin/gmake "cmTryCompileExec3242424387/fast"
/usr/bin/gmake -f CMakeFiles/cmTryCompileExec3242424387.dir/build.make CMakeFiles/cmTryCompileExec3242424387.dir/build
gmake[1] : on entre dans le répertoire « /gpfs/home/pgersberg/libeigen/buikd_dir/CMakeFiles/CMakeTmp »
/usr/bin/cmake -E cmake_progress_report /gpfs/home/pgersberg/libeigen/buikd_dir/CMakeFiles/CMakeTmp/CMakeFiles 1
Building CXX object CMakeFiles/cmTryCompileExec3242424387.dir/CMakeCXXCompilerABI.cpp.o
/usr/bin/c++     -o CMakeFiles/cmTryCompileExec3242424387.dir/CMakeCXXCompilerABI.cpp.o -c /usr/share/cmake/Modules/CMakeCXXCompilerABI.cpp
Linking CXX executable cmTryCompileExec3242424387
/usr/bin/cmake -E cmake_link_script CMakeFiles/cmTryCompileExec3242424387.dir/link.txt --verbose=1
/usr/bin/c++      -v CMakeFiles/cmTryCompileExec3242424387.dir/CMakeCXXCompilerABI.cpp.o  -o cmTryCompileExec3242424387 -rdynamic  
Utilisation des specs internes.
COLLECT_GCC=/usr/bin/c++
COLLECT_LTO_WRAPPER=/usr/libexec/gcc/x86_64-redhat-linux/4.8.5/lto-wrapper
Target: x86_64-redhat-linux
Configuré avec: ../configure --prefix=/usr --mandir=/usr/share/man --infodir=/usr/share/info --with-bugurl=http://bugzilla.redhat.com/bugzilla --enable-bootstrap --enable-shared --enable-threads=posix --enable-checking=release --with-system-zlib --enable-__cxa_atexit --disable-libunwind-exceptions --enable-gnu-unique-object --enable-linker-build-id --with-linker-hash-style=gnu --enable-languages=c,c++,objc,obj-c++,java,fortran,ada,go,lto --enable-plugin --enable-initfini-array --disable-libgcj --with-isl=/builddir/build/BUILD/gcc-4.8.5-20150702/obj-x86_64-redhat-linux/isl-install --with-cloog=/builddir/build/BUILD/gcc-4.8.5-20150702/obj-x86_64-redhat-linux/cloog-install --enable-gnu-indirect-function --with-tune=generic --with-arch_32=x86-64 --build=x86_64-redhat-linux
Modèle de thread: posix
gcc version 4.8.5 20150623 (Red Hat 4.8.5-36) (GCC) 
COMPILER_PATH=/usr/libexec/gcc/x86_64-redhat-linux/4.8.5/:/usr/libexec/gcc/x86_64-redhat-linux/4.8.5/:/usr/libexec/gcc/x86_64-redhat-linux/:/usr/lib/gcc/x86_64-redhat-linux/4.8.5/:/usr/lib/gcc/x86_64-redhat-linux/
LIBRARY_PATH=/usr/lib/gcc/x86_64-redhat-linux/4.8.5/:/usr/lib/gcc/x86_64-redhat-linux/4.8.5/../../../../lib64/:/lib/../lib64/:/usr/lib/../lib64/:/usr/lib/gcc/x86_64-redhat-linux/4.8.5/../../../:/lib/:/usr/lib/
COLLECT_GCC_OPTIONS='-v' '-o' 'cmTryCompileExec3242424387' '-rdynamic' '-shared-libgcc' '-mtune=generic' '-march=x86-64'
 /usr/libexec/gcc/x86_64-redhat-linux/4.8.5/collect2 --build-id --no-add-needed --eh-frame-hdr --hash-style=gnu -m elf_x86_64 -export-dynamic -dynamic-linker /lib64/ld-linux-x86-64.so.2 -o cmTryCompileExec3242424387 /usr/lib/gcc/x86_64-redhat-linux/4.8.5/../../../../lib64/crt1.o /usr/lib/gcc/x86_64-redhat-linux/4.8.5/../../../../lib64/crti.o /usr/lib/gcc/x86_64-redhat-linux/4.8.5/crtbegin.o -L/usr/lib/gcc/x86_64-redhat-linux/4.8.5 -L/usr/lib/gcc/x86_64-redhat-linux/4.8.5/../../../../lib64 -L/lib/../lib64 -L/usr/lib/../lib64 -L/usr/lib/gcc/x86_64-redhat-linux/4.8.5/../../.. CMakeFiles/cmTryCompileExec3242424387.dir/CMakeCXXCompilerABI.cpp.o -lstdc++ -lm -lgcc_s -lgcc -lc -lgcc_s -lgcc /usr/lib/gcc/x86_64-redhat-linux/4.8.5/crtend.o /usr/lib/gcc/x86_64-redhat-linux/4.8.5/../../../../lib64/crtn.o
gmake[1] : on quitte le répertoire « /gpfs/home/pgersberg/libeigen/buikd_dir/CMakeFiles/CMakeTmp »


Parsed CXX implicit link information from above output:
  link line regex: [^( *|.*[/\])(ld|([^/\]+-)?ld|collect2)[^/\]*( |$)]
  ignore line: [Change Dir: /gpfs/home/pgersberg/libeigen/buikd_dir/CMakeFiles/CMakeTmp]
  ignore line: []
  ignore line: [Run Build Command:/usr/bin/gmake "cmTryCompileExec3242424387/fast"]
  ignore line: [/usr/bin/gmake -f CMakeFiles/cmTryCompileExec3242424387.dir/build.make CMakeFiles/cmTryCompileExec3242424387.dir/build]
  ignore line: [gmake[1] : on entre dans le répertoire « /gpfs/home/pgersberg/libeigen/buikd_dir/CMakeFiles/CMakeTmp »]
  ignore line: [/usr/bin/cmake -E cmake_progress_report /gpfs/home/pgersberg/libeigen/buikd_dir/CMakeFiles/CMakeTmp/CMakeFiles 1]
  ignore line: [Building CXX object CMakeFiles/cmTryCompileExec3242424387.dir/CMakeCXXCompilerABI.cpp.o]
  ignore line: [/usr/bin/c++     -o CMakeFiles/cmTryCompileExec3242424387.dir/CMakeCXXCompilerABI.cpp.o -c /usr/share/cmake/Modules/CMakeCXXCompilerABI.cpp]
  ignore line: [Linking CXX executable cmTryCompileExec3242424387]
  ignore line: [/usr/bin/cmake -E cmake_link_script CMakeFiles/cmTryCompileExec3242424387.dir/link.txt --verbose=1]
  ignore line: [/usr/bin/c++      -v CMakeFiles/cmTryCompileExec3242424387.dir/CMakeCXXCompilerABI.cpp.o  -o cmTryCompileExec3242424387 -rdynamic  ]
  ignore line: [Utilisation des specs internes.]
  ignore line: [COLLECT_GCC=/usr/bin/c++]
  ignore line: [COLLECT_LTO_WRAPPER=/usr/libexec/gcc/x86_64-redhat-linux/4.8.5/lto-wrapper]
  ignore line: [Target: x86_64-redhat-linux]
  ignore line: [Configuré avec: ../configure --prefix=/usr --mandir=/usr/share/man --infodir=/usr/share/info --with-bugurl=http://bugzilla.redhat.com/bugzilla --enable-bootstrap --enable-shared --enable-threads=posix --enable-checking=release --with-system-zlib --enable-__cxa_atexit --disable-libunwind-exceptions --enable-gnu-unique-object --enable-linker-build-id --with-linker-hash-style=gnu --enable-languages=c,c++,objc,obj-c++,java,fortran,ada,go,lto --enable-plugin --enable-initfini-array --disable-libgcj --with-isl=/builddir/build/BUILD/gcc-4.8.5-20150702/obj-x86_64-redhat-linux/isl-install --with-cloog=/builddir/build/BUILD/gcc-4.8.5-20150702/obj-x86_64-redhat-linux/cloog-install --enable-gnu-indirect-function --with-tune=generic --with-arch_32=x86-64 --build=x86_64-redhat-linux]
  ignore line: [Modèle de thread: posix]
  ignore line: [gcc version 4.8.5 20150623 (Red Hat 4.8.5-36) (GCC) ]
  ignore line: [COMPILER_PATH=/usr/libexec/gcc/x86_64-redhat-linux/4.8.5/:/usr/libexec/gcc/x86_64-redhat-linux/4.8.5/:/usr/libexec/gcc/x86_64-redhat-linux/:/usr/lib/gcc/x86_64-redhat-linux/4.8.5/:/usr/lib/gcc/x86_64-redhat-linux/]
  ignore line: [LIBRARY_PATH=/usr/lib/gcc/x86_64-redhat-linux/4.8.5/:/usr/lib/gcc/x86_64-redhat-linux/4.8.5/../../../../lib64/:/lib/../lib64/:/usr/lib/../lib64/:/usr/lib/gcc/x86_64-redhat-linux/4.8.5/../../../:/lib/:/usr/lib/]
  ignore line: [COLLECT_GCC_OPTIONS='-v' '-o' 'cmTryCompileExec3242424387' '-rdynamic' '-shared-libgcc' '-mtune=generic' '-march=x86-64']
  link line: [ /usr/libexec/gcc/x86_64-redhat-linux/4.8.5/collect2 --build-id --no-add-needed --eh-frame-hdr --hash-style=gnu -m elf_x86_64 -export-dynamic -dynamic-linker /lib64/ld-linux-x86-64.so.2 -o cmTryCompileExec3242424387 /usr/lib/gcc/x86_64-redhat-linux/4.8.5/../../../../lib64/crt1.o /usr/lib/gcc/x86_64-redhat-linux/4.8.5/../../../../lib64/crti.o /usr/lib/gcc/x86_64-redhat-linux/4.8.5/crtbegin.o -L/usr/lib/gcc/x86_64-redhat-linux/4.8.5 -L/usr/lib/gcc/x86_64-redhat-linux/4.8.5/../../../../lib64 -L/lib/../lib64 -L/usr/lib/../lib64 -L/usr/lib/gcc/x86_64-redhat-linux/4.8.5/../../.. CMakeFiles/cmTryCompileExec3242424387.dir/CMakeCXXCompilerABI.cpp.o -lstdc++ -lm -lgcc_s -lgcc -lc -lgcc_s -lgcc /usr/lib/gcc/x86_64-redhat-linux/4.8.5/crtend.o /usr/lib/gcc/x86_64-redhat-linux/4.8.5/../../../../lib64/crtn.o]
    arg [/usr/libexec/gcc/x86_64-redhat-linux/4.8.5/collect2] ==> ignore
    arg [--build-id] ==> ignore
    arg [--no-add-needed] ==> ignore
    arg [--eh-frame-hdr] ==> ignore
    arg [--hash-style=gnu] ==> ignore
    arg [-m] ==> ignore
    arg [elf_x86_64] ==> ignore
    arg [-export-dynamic] ==> ignore
    arg [-dynamic-linker] ==> ignore
    arg [/lib64/ld-linux-x86-64.so.2] ==> ignore
    arg [-o] ==> ignore
    arg [cmTryCompileExec3242424387] ==> ignore
    arg [/usr/lib/gcc/x86_64-redhat-linux/4.8.5/../../../../lib64/crt1.o] ==> ignore
    arg [/usr/lib/gcc/x86_64-redhat-linux/4.8.5/../../../../lib64/crti.o] ==> ignore
    arg [/usr/lib/gcc/x86_64-redhat-linux/4.8.5/crtbegin.o] ==> ignore
    arg [-L/usr/lib/gcc/x86_64-redhat-linux/4.8.5] ==> dir [/usr/lib/gcc/x86_64-redhat-linux/4.8.5]
    arg [-L/usr/lib/gcc/x86_64-redhat-linux/4.8.5/../../../../lib64] ==> dir [/usr/lib/gcc/x86_64-redhat-linux/4.8.5/../../../../lib64]
    arg [-L/lib/../lib64] ==> dir [/lib/../lib64]
    arg [-L/usr/lib/../lib64] ==> dir [/usr/lib/../lib64]
    arg [-L/usr/lib/gcc/x86_64-redhat-linux/4.8.5/../../..] ==> dir [/usr/lib/gcc/x86_64-redhat-linux/4.8.5/../../..]
    arg [CMakeFiles/cmTryCompileExec3242424387.dir/CMakeCXXCompilerABI.cpp.o] ==> ignore
    arg [-lstdc++] ==> lib [stdc++]
    arg [-lm] ==> lib [m]
    arg [-lgcc_s] ==> lib [gcc_s]
    arg [-lgcc] ==> lib [gcc]
    arg [-lc] ==> lib [c]
    arg [-lgcc_s] ==> lib [gcc_s]
    arg [-lgcc] ==> lib [gcc]
    arg [/usr/lib/gcc/x86_64-redhat-linux/4.8.5/crtend.o] ==> ignore
    arg [/usr/lib/gcc/x86_64-redhat-linux/4.8.5/../../../../lib64/crtn.o] ==> ignore
  remove lib [gcc_s]
  remove lib [gcc]
  remove lib [gcc_s]
  remove lib [gcc]
  collapse library dir [/usr/lib/gcc/x86_64-redhat-linux/4.8.5] ==> [/usr/lib/gcc/x86_64-redhat-linux/4.8.5]
  collapse library dir [/usr/lib/gcc/x86_64-redhat-linux/4.8.5/../../../../lib64] ==> [/usr/lib64]
  collapse library dir [/lib/../lib64] ==> [/lib64]
  collapse library dir [/usr/lib/../lib64] ==> [/usr/lib64]
  collapse library dir [/usr/lib/gcc/x86_64-redhat-linux/4.8.5/../../..] ==> [/usr/lib]
  implicit libs: [stdc++;m;c]
  implicit dirs: [/usr/lib/gcc/x86_64-redhat-linux/4.8.5;/usr/lib64;/lib64;/usr/lib]
  implicit fwks: []


Performing C++ SOURCE FILE Test EIGEN_COMPILER_SUPPORT_CPP11 succeded with the following output:
Change Dir: /gpfs/home/pgersberg/libeigen/buikd_dir/CMakeFiles/CMakeTmp

Run Build Command:/usr/bin/gmake "cmTryCompileExec2200177967/fast"
/usr/bin/gmake -f CMakeFiles/cmTryCompileExec2200177967.dir/build.make CMakeFiles/cmTryCompileExec2200177967.dir/build
gmake[1]: Entering directory `/gpfs/home/pgersberg/libeigen/buikd_dir/CMakeFiles/CMakeTmp'
/usr/bin/cmake -E cmake_progress_report /gpfs/home/pgersberg/libeigen/buikd_dir/CMakeFiles/CMakeTmp/CMakeFiles 1
Building CXX object CMakeFiles/cmTryCompileExec2200177967.dir/src.cxx.o
/usr/bin/c++    -DEIGEN_COMPILER_SUPPORT_CPP11   -std=c++11 -o CMakeFiles/cmTryCompileExec2200177967.dir/src.cxx.o -c /gpfs/home/pgersberg/libeigen/buikd_dir/CMakeFiles/CMakeTmp/src.cxx
Linking CXX executable cmTryCompileExec2200177967
/usr/bin/cmake -E cmake_link_script CMakeFiles/cmTryCompileExec2200177967.dir/link.txt --verbose=1
/usr/bin/c++    -DEIGEN_COMPILER_SUPPORT_CPP11    CMakeFiles/cmTryCompileExec2200177967.dir/src.cxx.o  -o cmTryCompileExec2200177967 -rdynamic 
gmake[1]: Leaving directory `/gpfs/home/pgersberg/libeigen/buikd_dir/CMakeFiles/CMakeTmp'

Source file was:
int main() { return 0;}
Performing C++ SOURCE FILE Test COMPILER_SUPPORT_std=cpp03 succeded with the following output:
Change Dir: /gpfs/home/pgersberg/libeigen/buikd_dir/CMakeFiles/CMakeTmp

Run Build Command:/usr/bin/gmake "cmTryCompileExec1925671160/fast"
/usr/bin/gmake -f CMakeFiles/cmTryCompileExec1925671160.dir/build.make CMakeFiles/cmTryCompileExec1925671160.dir/build
gmake[1]: Entering directory `/gpfs/home/pgersberg/libeigen/buikd_dir/CMakeFiles/CMakeTmp'
/usr/bin/cmake -E cmake_progress_report /gpfs/home/pgersberg/libeigen/buikd_dir/CMakeFiles/CMakeTmp/CMakeFiles 1
Building CXX object CMakeFiles/cmTryCompileExec1925671160.dir/src.cxx.o
/usr/bin/c++    -DCOMPILER_SUPPORT_std=cpp03   -std=c++03 -o CMakeFiles/cmTryCompileExec1925671160.dir/src.cxx.o -c /gpfs/home/pgersberg/libeigen/buikd_dir/CMakeFiles/CMakeTmp/src.cxx
Linking CXX executable cmTryCompileExec1925671160
/usr/bin/cmake -E cmake_link_script CMakeFiles/cmTryCompileExec1925671160.dir/link.txt --verbose=1
/usr/bin/c++    -DCOMPILER_SUPPORT_std=cpp03    CMakeFiles/cmTryCompileExec1925671160.dir/src.cxx.o  -o cmTryCompileExec1925671160 -rdynamic 
gmake[1]: Leaving directory `/gpfs/home/pgersberg/libeigen/buikd_dir/CMakeFiles/CMakeTmp'

Source file was:
int main() { return 0;}
Performing C++ SOURCE FILE Test standard_math_library_linked_to_automatically succeded with the following output:
Change Dir: /gpfs/home/pgersberg/libeigen/buikd_dir/CMakeFiles/CMakeTmp

Run Build Command:/usr/bin/gmake "cmTryCompileExec2291157601/fast"
/usr/bin/gmake -f CMakeFiles/cmTryCompileExec2291157601.dir/build.make CMakeFiles/cmTryCompileExec2291157601.dir/build
gmake[1] : on entre dans le répertoire « /gpfs/home/pgersberg/libeigen/buikd_dir/CMakeFiles/CMakeTmp »
/usr/bin/cmake -E cmake_progress_report /gpfs/home/pgersberg/libeigen/buikd_dir/CMakeFiles/CMakeTmp/CMakeFiles 1
Building CXX object CMakeFiles/cmTryCompileExec2291157601.dir/src.cxx.o
/usr/bin/c++    -std=c++03 -Dstandard_math_library_linked_to_automatically   -o CMakeFiles/cmTryCompileExec2291157601.dir/src.cxx.o -c /gpfs/home/pgersberg/libeigen/buikd_dir/CMakeFiles/CMakeTmp/src.cxx
Linking CXX executable cmTryCompileExec2291157601
/usr/bin/cmake -E cmake_link_script CMakeFiles/cmTryCompileExec2291157601.dir/link.txt --verbose=1
/usr/bin/c++    -std=c++03 -Dstandard_math_library_linked_to_automatically    CMakeFiles/cmTryCompileExec2291157601.dir/src.cxx.o  -o cmTryCompileExec2291157601 -rdynamic 
gmake[1] : on quitte le répertoire « /gpfs/home/pgersberg/libeigen/buikd_dir/CMakeFiles/CMakeTmp »

Source file was:
#include<cmath>
int main() { std::sin(0.0); std::log(0.0f); }
Performing C++ SOURCE FILE Test COMPILER_SUPPORT_WERROR succeded with the following output:
Change Dir: /gpfs/home/pgersberg/libeigen/buikd_dir/CMakeFiles/CMakeTmp

Run Build Command:/usr/bin/gmake "cmTryCompileExec3165440874/fast"
/usr/bin/gmake -f CMakeFiles/cmTryCompileExec3165440874.dir/build.make CMakeFiles/cmTryCompileExec3165440874.dir/build
gmake[1]: Entering directory `/gpfs/home/pgersberg/libeigen/buikd_dir/CMakeFiles/CMakeTmp'
/usr/bin/cmake -E cmake_progress_report /gpfs/home/pgersberg/libeigen/buikd_dir/CMakeFiles/CMakeTmp/CMakeFiles 1
Building CXX object CMakeFiles/cmTryCompileExec3165440874.dir/src.cxx.o
/usr/bin/c++    -std=c++03 -DCOMPILER_SUPPORT_WERROR   -Werror -o CMakeFiles/cmTryCompileExec3165440874.dir/src.cxx.o -c /gpfs/home/pgersberg/libeigen/buikd_dir/CMakeFiles/CMakeTmp/src.cxx
Linking CXX executable cmTryCompileExec3165440874
/usr/bin/cmake -E cmake_link_script CMakeFiles/cmTryCompileExec3165440874.dir/link.txt --verbose=1
/usr/bin/c++    -std=c++03 -DCOMPILER_SUPPORT_WERROR    CMakeFiles/cmTryCompileExec3165440874.dir/src.cxx.o  -o cmTryCompileExec3165440874 -rdynamic 
gmake[1]: Leaving directory `/gpfs/home/pgersberg/libeigen/buikd_dir/CMakeFiles/CMakeTmp'

Source file was:
int main() { return 0;}
Performing C++ SOURCE FILE Test COMPILER_SUPPORT_pedantic succeded with the following output:
Change Dir: /gpfs/home/pgersberg/libeigen/buikd_dir/CMakeFiles/CMakeTmp

Run Build Command:/usr/bin/gmake "cmTryCompileExec3446417067/fast"
/usr/bin/gmake -f CMakeFiles/cmTryCompileExec3446417067.dir/build.make CMakeFiles/cmTryCompileExec3446417067.dir/build
gmake[1]: Entering directory `/gpfs/home/pgersberg/libeigen/buikd_dir/CMakeFiles/CMakeTmp'
/usr/bin/cmake -E cmake_progress_report /gpfs/home/pgersberg/libeigen/buikd_dir/CMakeFiles/CMakeTmp/CMakeFiles 1
Building CXX object CMakeFiles/cmTryCompileExec3446417067.dir/src.cxx.o
/usr/bin/c++    -std=c++03 -DCOMPILER_SUPPORT_pedantic -Werror   -pedantic -o CMakeFiles/cmTryCompileExec3446417067.dir/src.cxx.o -c /gpfs/home/pgersberg/libeigen/buikd_dir/CMakeFiles/CMakeTmp/src.cxx
Linking CXX executable cmTryCompileExec3446417067
/usr/bin/cmake -E cmake_link_script CMakeFiles/cmTryCompileExec3446417067.dir/link.txt --verbose=1
/usr/bin/c++    -std=c++03 -DCOMPILER_SUPPORT_pedantic -Werror    CMakeFiles/cmTryCompileExec3446417067.dir/src.cxx.o  -o cmTryCompileExec3446417067 -rdynamic 
gmake[1]: Leaving directory `/gpfs/home/pgersberg/libeigen/buikd_dir/CMakeFiles/CMakeTmp'

Source file was:
int main() { return 0;}
Performing C++ SOURCE FILE Test COMPILER_SUPPORT_Wall succeded with the following output:
Change Dir: /gpfs/home/pgersberg/libeigen/buikd_dir/CMakeFiles/CMakeTmp

Run Build Command:/usr/bin/gmake "cmTryCompileExec1706809344/fast"
/usr/bin/gmake -f CMakeFiles/cmTryCompileExec1706809344.dir/build.make CMakeFiles/cmTryCompileExec1706809344.dir/build
gmake[1]: Entering directory `/gpfs/home/pgersberg/libeigen/buikd_dir/CMakeFiles/CMakeTmp'
/usr/bin/cmake -E cmake_progress_report /gpfs/home/pgersberg/libeigen/buikd_dir/CMakeFiles/CMakeTmp/CMakeFiles 1
Building CXX object CMakeFiles/cmTryCompileExec1706809344.dir/src.cxx.o
/usr/bin/c++    -std=c++03 -pedantic -DCOMPILER_SUPPORT_Wall -Werror   -Wall -o CMakeFiles/cmTryCompileExec1706809344.dir/src.cxx.o -c /gpfs/home/pgersberg/libeigen/buikd_dir/CMakeFiles/CMakeTmp/src.cxx
Linking CXX executable cmTryCompileExec1706809344
/usr/bin/cmake -E cmake_link_script CMakeFiles/cmTryCompileExec1706809344.dir/link.txt --verbose=1
/usr/bin/c++    -std=c++03 -pedantic -DCOMPILER_SUPPORT_Wall -Werror    CMakeFiles/cmTryCompileExec1706809344.dir/src.cxx.o  -o cmTryCompileExec1706809344 -rdynamic 
gmake[1]: Leaving directory `/gpfs/home/pgersberg/libeigen/buikd_dir/CMakeFiles/CMakeTmp'

Source file was:
int main() { return 0;}
Performing C++ SOURCE FILE Test COMPILER_SUPPORT_Wextra succeded with the following output:
Change Dir: /gpfs/home/pgersberg/libeigen/buikd_dir/CMakeFiles/CMakeTmp

Run Build Command:/usr/bin/gmake "cmTryCompileExec4224490105/fast"
/usr/bin/gmake -f CMakeFiles/cmTryCompileExec4224490105.dir/build.make CMakeFiles/cmTryCompileExec4224490105.dir/build
gmake[1]: Entering directory `/gpfs/home/pgersberg/libeigen/buikd_dir/CMakeFiles/CMakeTmp'
/usr/bin/cmake -E cmake_progress_report /gpfs/home/pgersberg/libeigen/buikd_dir/CMakeFiles/CMakeTmp/CMakeFiles 1
Building CXX object CMakeFiles/cmTryCompileExec4224490105.dir/src.cxx.o
/usr/bin/c++    -std=c++03 -pedantic -Wall -DCOMPILER_SUPPORT_Wextra -Werror   -Wextra -o CMakeFiles/cmTryCompileExec4224490105.dir/src.cxx.o -c /gpfs/home/pgersberg/libeigen/buikd_dir/CMakeFiles/CMakeTmp/src.cxx
Linking CXX executable cmTryCompileExec4224490105
/usr/bin/cmake -E cmake_link_script CMakeFiles/cmTryCompileExec4224490105.dir/link.txt --verbose=1
/usr/bin/c++    -std=c++03 -pedantic -Wall -DCOMPILER_SUPPORT_Wextra -Werror    CMakeFiles/cmTryCompileExec4224490105.dir/src.cxx.o  -o cmTryCompileExec4224490105 -rdynamic 
gmake[1]: Leaving directory `/gpfs/home/pgersberg/libeigen/buikd_dir/CMakeFiles/CMakeTmp'

Source file was:
int main() { return 0;}
Performing C++ SOURCE FILE Test COMPILER_SUPPORT_Wundef succeded with the following output:
Change Dir: /gpfs/home/pgersberg/libeigen/buikd_dir/CMakeFiles/CMakeTmp

Run Build Command:/usr/bin/gmake "cmTryCompileExec244623971/fast"
/usr/bin/gmake -f CMakeFiles/cmTryCompileExec244623971.dir/build.make CMakeFiles/cmTryCompileExec244623971.dir/build
gmake[1]: Entering directory `/gpfs/home/pgersberg/libeigen/buikd_dir/CMakeFiles/CMakeTmp'
/usr/bin/cmake -E cmake_progress_report /gpfs/home/pgersberg/libeigen/buikd_dir/CMakeFiles/CMakeTmp/CMakeFiles 1
Building CXX object CMakeFiles/cmTryCompileExec244623971.dir/src.cxx.o
/usr/bin/c++    -std=c++03 -pedantic -Wall -Wextra -DCOMPILER_SUPPORT_Wundef -Werror   -Wundef -o CMakeFiles/cmTryCompileExec244623971.dir/src.cxx.o -c /gpfs/home/pgersberg/libeigen/buikd_dir/CMakeFiles/CMakeTmp/src.cxx
Linking CXX executable cmTryCompileExec244623971
/usr/bin/cmake -E cmake_link_script CMakeFiles/cmTryCompileExec244623971.dir/link.txt --verbose=1
/usr/bin/c++    -std=c++03 -pedantic -Wall -Wextra -DCOMPILER_SUPPORT_Wundef -Werror    CMakeFiles/cmTryCompileExec244623971.dir/src.cxx.o  -o cmTryCompileExec244623971 -rdynamic 
gmake[1]: Leaving directory `/gpfs/home/pgersberg/libeigen/buikd_dir/CMakeFiles/CMakeTmp'

Source file was:
int main() { return 0;}
Performing C++ SOURCE FILE Test COMPILER_SUPPORT_Wcastalign succeded with the following output:
Change Dir: /gpfs/home/pgersberg/libeigen/buikd_dir/CMakeFiles/CMakeTmp

Run Build Command:/usr/bin/gmake "cmTryCompileExec3999710129/fast"
/usr/bin/gmake -f CMakeFiles/cmTryCompileExec3999710129.dir/build.make CMakeFiles/cmTryCompileExec3999710129.dir/build
gmake[1]: Entering directory `/gpfs/home/pgersberg/libeigen/buikd_dir/CMakeFiles/CMakeTmp'
/usr/bin/cmake -E cmake_progress_report /gpfs/home/pgersberg/libeigen/buikd_dir/CMakeFiles/CMakeTmp/CMakeFiles 1
Building CXX object CMakeFiles/cmTryCompileExec3999710129.dir/src.cxx.o
/usr/bin/c++    -std=c++03 -pedantic -Wall -Wextra -Wundef -DCOMPILER_SUPPORT_Wcastalign -Werror   -Wcast-align -o CMakeFiles/cmTryCompileExec3999710129.dir/src.cxx.o -c /gpfs/home/pgersberg/libeigen/buikd_dir/CMakeFiles/CMakeTmp/src.cxx
Linking CXX executable cmTryCompileExec3999710129
/usr/bin/cmake -E cmake_link_script CMakeFiles/cmTryCompileExec3999710129.dir/link.txt --verbose=1
/usr/bin/c++    -std=c++03 -pedantic -Wall -Wextra -Wundef -DCOMPILER_SUPPORT_Wcastalign -Werror    CMakeFiles/cmTryCompileExec3999710129.dir/src.cxx.o  -o cmTryCompileExec3999710129 -rdynamic 
gmake[1]: Leaving directory `/gpfs/home/pgersberg/libeigen/buikd_dir/CMakeFiles/CMakeTmp'

Source file was:
int main() { return 0;}
Performing C++ SOURCE FILE Test COMPILER_SUPPORT_Wcharsubscripts succeded with the following output:
Change Dir: /gpfs/home/pgersberg/libeigen/buikd_dir/CMakeFiles/CMakeTmp

Run Build Command:/usr/bin/gmake "cmTryCompileExec1742475154/fast"
/usr/bin/gmake -f CMakeFiles/cmTryCompileExec1742475154.dir/build.make CMakeFiles/cmTryCompileExec1742475154.dir/build
gmake[1]: Entering directory `/gpfs/home/pgersberg/libeigen/buikd_dir/CMakeFiles/CMakeTmp'
/usr/bin/cmake -E cmake_progress_report /gpfs/home/pgersberg/libeigen/buikd_dir/CMakeFiles/CMakeTmp/CMakeFiles 1
Building CXX object CMakeFiles/cmTryCompileExec1742475154.dir/src.cxx.o
/usr/bin/c++    -std=c++03 -pedantic -Wall -Wextra -Wundef -Wcast-align -DCOMPILER_SUPPORT_Wcharsubscripts -Werror   -Wchar-subscripts -o CMakeFiles/cmTryCompileExec1742475154.dir/src.cxx.o -c /gpfs/home/pgersberg/libeigen/buikd_dir/CMakeFiles/CMakeTmp/src.cxx
Linking CXX executable cmTryCompileExec1742475154
/usr/bin/cmake -E cmake_link_script CMakeFiles/cmTryCompileExec1742475154.dir/link.txt --verbose=1
/usr/bin/c++    -std=c++03 -pedantic -Wall -Wextra -Wundef -Wcast-align -DCOMPILER_SUPPORT_Wcharsubscripts -Werror    CMakeFiles/cmTryCompileExec1742475154.dir/src.cxx.o  -o cmTryCompileExec1742475154 -rdynamic 
gmake[1]: Leaving directory `/gpfs/home/pgersberg/libeigen/buikd_dir/CMakeFiles/CMakeTmp'

Source file was:
int main() { return 0;}
Performing C++ SOURCE FILE Test COMPILER_SUPPORT_Wnonvirtualdtor succeded with the following output:
Change Dir: /gpfs/home/pgersberg/libeigen/buikd_dir/CMakeFiles/CMakeTmp

Run Build Command:/usr/bin/gmake "cmTryCompileExec3348015535/fast"
/usr/bin/gmake -f CMakeFiles/cmTryCompileExec3348015535.dir/build.make CMakeFiles/cmTryCompileExec3348015535.dir/build
gmake[1]: Entering directory `/gpfs/home/pgersberg/libeigen/buikd_dir/CMakeFiles/CMakeTmp'
/usr/bin/cmake -E cmake_progress_report /gpfs/home/pgersberg/libeigen/buikd_dir/CMakeFiles/CMakeTmp/CMakeFiles 1
Building CXX object CMakeFiles/cmTryCompileExec3348015535.dir/src.cxx.o
/usr/bin/c++    -std=c++03 -pedantic -Wall -Wextra -Wundef -Wcast-align -Wchar-subscripts -DCOMPILER_SUPPORT_Wnonvirtualdtor -Werror   -Wnon-virtual-dtor -o CMakeFiles/cmTryCompileExec3348015535.dir/src.cxx.o -c /gpfs/home/pgersberg/libeigen/buikd_dir/CMakeFiles/CMakeTmp/src.cxx
Linking CXX executable cmTryCompileExec3348015535
/usr/bin/cmake -E cmake_link_script CMakeFiles/cmTryCompileExec3348015535.dir/link.txt --verbose=1
/usr/bin/c++    -std=c++03 -pedantic -Wall -Wextra -Wundef -Wcast-align -Wchar-subscripts -DCOMPILER_SUPPORT_Wnonvirtualdtor -Werror    CMakeFiles/cmTryCompileExec3348015535.dir/src.cxx.o  -o cmTryCompileExec3348015535 -rdynamic 
gmake[1]: Leaving directory `/gpfs/home/pgersberg/libeigen/buikd_dir/CMakeFiles/CMakeTmp'

Source file was:
int main() { return 0;}
Performing C++ SOURCE FILE Test COMPILER_SUPPORT_Wunusedlocaltypedefs succeded with the following output:
Change Dir: /gpfs/home/pgersberg/libeigen/buikd_dir/CMakeFiles/CMakeTmp

Run Build Command:/usr/bin/gmake "cmTryCompileExec937613192/fast"
/usr/bin/gmake -f CMakeFiles/cmTryCompileExec937613192.dir/build.make CMakeFiles/cmTryCompileExec937613192.dir/build
gmake[1]: Entering directory `/gpfs/home/pgersberg/libeigen/buikd_dir/CMakeFiles/CMakeTmp'
/usr/bin/cmake -E cmake_progress_report /gpfs/home/pgersberg/libeigen/buikd_dir/CMakeFiles/CMakeTmp/CMakeFiles 1
Building CXX object CMakeFiles/cmTryCompileExec937613192.dir/src.cxx.o
/usr/bin/c++    -std=c++03 -pedantic -Wall -Wextra -Wundef -Wcast-align -Wchar-subscripts -Wnon-virtual-dtor -DCOMPILER_SUPPORT_Wunusedlocaltypedefs -Werror   -Wunused-local-typedefs -o CMakeFiles/cmTryCompileExec937613192.dir/src.cxx.o -c /gpfs/home/pgersberg/libeigen/buikd_dir/CMakeFiles/CMakeTmp/src.cxx
Linking CXX executable cmTryCompileExec937613192
/usr/bin/cmake -E cmake_link_script CMakeFiles/cmTryCompileExec937613192.dir/link.txt --verbose=1
/usr/bin/c++    -std=c++03 -pedantic -Wall -Wextra -Wundef -Wcast-align -Wchar-subscripts -Wnon-virtual-dtor -DCOMPILER_SUPPORT_Wunusedlocaltypedefs -Werror    CMakeFiles/cmTryCompileExec937613192.dir/src.cxx.o  -o cmTryCompileExec937613192 -rdynamic 
gmake[1]: Leaving directory `/gpfs/home/pgersberg/libeigen/buikd_dir/CMakeFiles/CMakeTmp'

Source file was:
int main() { return 0;}
Performing C++ SOURCE FILE Test COMPILER_SUPPORT_Wpointerarith succeded with the following output:
Change Dir: /gpfs/home/pgersberg/libeigen/buikd_dir/CMakeFiles/CMakeTmp

Run Build Command:/usr/bin/gmake "cmTryCompileExec3969174465/fast"
/usr/bin/gmake -f CMakeFiles/cmTryCompileExec3969174465.dir/build.make CMakeFiles/cmTryCompileExec3969174465.dir/build
gmake[1]: Entering directory `/gpfs/home/pgersberg/libeigen/buikd_dir/CMakeFiles/CMakeTmp'
/usr/bin/cmake -E cmake_progress_report /gpfs/home/pgersberg/libeigen/buikd_dir/CMakeFiles/CMakeTmp/CMakeFiles 1
Building CXX object CMakeFiles/cmTryCompileExec3969174465.dir/src.cxx.o
/usr/bin/c++    -std=c++03 -pedantic -Wall -Wextra -Wundef -Wcast-align -Wchar-subscripts -Wnon-virtual-dtor -Wunused-local-typedefs -DCOMPILER_SUPPORT_Wpointerarith -Werror   -Wpointer-arith -o CMakeFiles/cmTryCompileExec3969174465.dir/src.cxx.o -c /gpfs/home/pgersberg/libeigen/buikd_dir/CMakeFiles/CMakeTmp/src.cxx
Linking CXX executable cmTryCompileExec3969174465
/usr/bin/cmake -E cmake_link_script CMakeFiles/cmTryCompileExec3969174465.dir/link.txt --verbose=1
/usr/bin/c++    -std=c++03 -pedantic -Wall -Wextra -Wundef -Wcast-align -Wchar-subscripts -Wnon-virtual-dtor -Wunused-local-typedefs -DCOMPILER_SUPPORT_Wpointerarith -Werror    CMakeFiles/cmTryCompileExec3969174465.dir/src.cxx.o  -o cmTryCompileExec3969174465 -rdynamic 
gmake[1]: Leaving directory `/gpfs/home/pgersberg/libeigen/buikd_dir/CMakeFiles/CMakeTmp'

Source file was:
int main() { return 0;}
Performing C++ SOURCE FILE Test COMPILER_SUPPORT_Wwritestrings succeded with the following output:
Change Dir: /gpfs/home/pgersberg/libeigen/buikd_dir/CMakeFiles/CMakeTmp

Run Build Command:/usr/bin/gmake "cmTryCompileExec2527427401/fast"
/usr/bin/gmake -f CMakeFiles/cmTryCompileExec2527427401.dir/build.make CMakeFiles/cmTryCompileExec2527427401.dir/build
gmake[1]: Entering directory `/gpfs/home/pgersberg/libeigen/buikd_dir/CMakeFiles/CMakeTmp'
/usr/bin/cmake -E cmake_progress_report /gpfs/home/pgersberg/libeigen/buikd_dir/CMakeFiles/CMakeTmp/CMakeFiles 1
Building CXX object CMakeFiles/cmTryCompileExec2527427401.dir/src.cxx.o
/usr/bin/c++    -std=c++03 -pedantic -Wall -Wextra -Wundef -Wcast-align -Wchar-subscripts -Wnon-virtual-dtor -Wunused-local-typedefs -Wpointer-arith -DCOMPILER_SUPPORT_Wwritestrings -Werror   -Wwrite-strings -o CMakeFiles/cmTryCompileExec2527427401.dir/src.cxx.o -c /gpfs/home/pgersberg/libeigen/buikd_dir/CMakeFiles/CMakeTmp/src.cxx
Linking CXX executable cmTryCompileExec2527427401
/usr/bin/cmake -E cmake_link_script CMakeFiles/cmTryCompileExec2527427401.dir/link.txt --verbose=1
/usr/bin/c++    -std=c++03 -pedantic -Wall -Wextra -Wundef -Wcast-align -Wchar-subscripts -Wnon-virtual-dtor -Wunused-local-typedefs -Wpointer-arith -DCOMPILER_SUPPORT_Wwritestrings -Werror    CMakeFiles/cmTryCompileExec2527427401.dir/src.cxx.o  -o cmTryCompileExec2527427401 -rdynamic 
gmake[1]: Leaving directory `/gpfs/home/pgersberg/libeigen/buikd_dir/CMakeFiles/CMakeTmp'

Source file was:
int main() { return 0;}
Performing C++ SOURCE FILE Test COMPILER_SUPPORT_Wformatsecurity succeded with the following output:
Change Dir: /gpfs/home/pgersberg/libeigen/buikd_dir/CMakeFiles/CMakeTmp

Run Build Command:/usr/bin/gmake "cmTryCompileExec1393463284/fast"
/usr/bin/gmake -f CMakeFiles/cmTryCompileExec1393463284.dir/build.make CMakeFiles/cmTryCompileExec1393463284.dir/build
gmake[1]: Entering directory `/gpfs/home/pgersberg/libeigen/buikd_dir/CMakeFiles/CMakeTmp'
/usr/bin/cmake -E cmake_progress_report /gpfs/home/pgersberg/libeigen/buikd_dir/CMakeFiles/CMakeTmp/CMakeFiles 1
Building CXX object CMakeFiles/cmTryCompileExec1393463284.dir/src.cxx.o
/usr/bin/c++    -std=c++03 -pedantic -Wall -Wextra -Wundef -Wcast-align -Wchar-subscripts -Wnon-virtual-dtor -Wunused-local-typedefs -Wpointer-arith -Wwrite-strings -DCOMPILER_SUPPORT_Wformatsecurity -Werror   -Wformat-security -o CMakeFiles/cmTryCompileExec1393463284.dir/src.cxx.o -c /gpfs/home/pgersberg/libeigen/buikd_dir/CMakeFiles/CMakeTmp/src.cxx
Linking CXX executable cmTryCompileExec1393463284
/usr/bin/cmake -E cmake_link_script CMakeFiles/cmTryCompileExec1393463284.dir/link.txt --verbose=1
/usr/bin/c++    -std=c++03 -pedantic -Wall -Wextra -Wundef -Wcast-align -Wchar-subscripts -Wnon-virtual-dtor -Wunused-local-typedefs -Wpointer-arith -Wwrite-strings -DCOMPILER_SUPPORT_Wformatsecurity -Werror    CMakeFiles/cmTryCompileExec1393463284.dir/src.cxx.o  -o cmTryCompileExec1393463284 -rdynamic 
gmake[1]: Leaving directory `/gpfs/home/pgersberg/libeigen/buikd_dir/CMakeFiles/CMakeTmp'

Source file was:
int main() { return 0;}
Performing C++ SOURCE FILE Test COMPILER_SUPPORT_Wlogicalop succeded with the following output:
Change Dir: /gpfs/home/pgersberg/libeigen/buikd_dir/CMakeFiles/CMakeTmp

Run Build Command:/usr/bin/gmake "cmTryCompileExec773321911/fast"
/usr/bin/gmake -f CMakeFiles/cmTryCompileExec773321911.dir/build.make CMakeFiles/cmTryCompileExec773321911.dir/build
gmake[1]: Entering directory `/gpfs/home/pgersberg/libeigen/buikd_dir/CMakeFiles/CMakeTmp'
/usr/bin/cmake -E cmake_progress_report /gpfs/home/pgersberg/libeigen/buikd_dir/CMakeFiles/CMakeTmp/CMakeFiles 1
Building CXX object CMakeFiles/cmTryCompileExec773321911.dir/src.cxx.o
/usr/bin/c++    -std=c++03 -pedantic -Wall -Wextra -Wundef -Wcast-align -Wchar-subscripts -Wnon-virtual-dtor -Wunused-local-typedefs -Wpointer-arith -Wwrite-strings -Wformat-security -DCOMPILER_SUPPORT_Wlogicalop -Werror   -Wlogical-op -o CMakeFiles/cmTryCompileExec773321911.dir/src.cxx.o -c /gpfs/home/pgersberg/libeigen/buikd_dir/CMakeFiles/CMakeTmp/src.cxx
Linking CXX executable cmTryCompileExec773321911
/usr/bin/cmake -E cmake_link_script CMakeFiles/cmTryCompileExec773321911.dir/link.txt --verbose=1
/usr/bin/c++    -std=c++03 -pedantic -Wall -Wextra -Wundef -Wcast-align -Wchar-subscripts -Wnon-virtual-dtor -Wunused-local-typedefs -Wpointer-arith -Wwrite-strings -Wformat-security -DCOMPILER_SUPPORT_Wlogicalop -Werror    CMakeFiles/cmTryCompileExec773321911.dir/src.cxx.o  -o cmTryCompileExec773321911 -rdynamic 
gmake[1]: Leaving directory `/gpfs/home/pgersberg/libeigen/buikd_dir/CMakeFiles/CMakeTmp'

Source file was:
int main() { return 0;}
Performing C++ SOURCE FILE Test COMPILER_SUPPORT_Wdoublepromotion succeded with the following output:
Change Dir: /gpfs/home/pgersberg/libeigen/buikd_dir/CMakeFiles/CMakeTmp

Run Build Command:/usr/bin/gmake "cmTryCompileExec2148052435/fast"
/usr/bin/gmake -f CMakeFiles/cmTryCompileExec2148052435.dir/build.make CMakeFiles/cmTryCompileExec2148052435.dir/build
gmake[1]: Entering directory `/gpfs/home/pgersberg/libeigen/buikd_dir/CMakeFiles/CMakeTmp'
/usr/bin/cmake -E cmake_progress_report /gpfs/home/pgersberg/libeigen/buikd_dir/CMakeFiles/CMakeTmp/CMakeFiles 1
Building CXX object CMakeFiles/cmTryCompileExec2148052435.dir/src.cxx.o
/usr/bin/c++    -std=c++03 -pedantic -Wall -Wextra -Wundef -Wcast-align -Wchar-subscripts -Wnon-virtual-dtor -Wunused-local-typedefs -Wpointer-arith -Wwrite-strings -Wformat-security -Wlogical-op -DCOMPILER_SUPPORT_Wdoublepromotion -Werror   -Wdouble-promotion -o CMakeFiles/cmTryCompileExec2148052435.dir/src.cxx.o -c /gpfs/home/pgersberg/libeigen/buikd_dir/CMakeFiles/CMakeTmp/src.cxx
Linking CXX executable cmTryCompileExec2148052435
/usr/bin/cmake -E cmake_link_script CMakeFiles/cmTryCompileExec2148052435.dir/link.txt --verbose=1
/usr/bin/c++    -std=c++03 -pedantic -Wall -Wextra -Wundef -Wcast-align -Wchar-subscripts -Wnon-virtual-dtor -Wunused-local-typedefs -Wpointer-arith -Wwrite-strings -Wformat-security -Wlogical-op -DCOMPILER_SUPPORT_Wdoublepromotion -Werror    CMakeFiles/cmTryCompileExec2148052435.dir/src.cxx.o  -o cmTryCompileExec2148052435 -rdynamic 
gmake[1]: Leaving directory `/gpfs/home/pgersberg/libeigen/buikd_dir/CMakeFiles/CMakeTmp'

Source file was:
int main() { return 0;}
Performing C++ SOURCE FILE Test COMPILER_SUPPORT_Wnopsabi succeded with the following output:
Change Dir: /gpfs/home/pgersberg/libeigen/buikd_dir/CMakeFiles/CMakeTmp

Run Build Command:/usr/bin/gmake "cmTryCompileExec1925142633/fast"
/usr/bin/gmake -f CMakeFiles/cmTryCompileExec1925142633.dir/build.make CMakeFiles/cmTryCompileExec1925142633.dir/build
gmake[1]: Entering directory `/gpfs/home/pgersberg/libeigen/buikd_dir/CMakeFiles/CMakeTmp'
/usr/bin/cmake -E cmake_progress_report /gpfs/home/pgersberg/libeigen/buikd_dir/CMakeFiles/CMakeTmp/CMakeFiles 1
Building CXX object CMakeFiles/cmTryCompileExec1925142633.dir/src.cxx.o
/usr/bin/c++    -std=c++03 -pedantic -Wall -Wextra -Wundef -Wcast-align -Wchar-subscripts -Wnon-virtual-dtor -Wunused-local-typedefs -Wpointer-arith -Wwrite-strings -Wformat-security -Wlogical-op -Wdouble-promotion -DCOMPILER_SUPPORT_Wnopsabi -Werror   -Wno-psabi -o CMakeFiles/cmTryCompileExec1925142633.dir/src.cxx.o -c /gpfs/home/pgersberg/libeigen/buikd_dir/CMakeFiles/CMakeTmp/src.cxx
Linking CXX executable cmTryCompileExec1925142633
/usr/bin/cmake -E cmake_link_script CMakeFiles/cmTryCompileExec1925142633.dir/link.txt --verbose=1
/usr/bin/c++    -std=c++03 -pedantic -Wall -Wextra -Wundef -Wcast-align -Wchar-subscripts -Wnon-virtual-dtor -Wunused-local-typedefs -Wpointer-arith -Wwrite-strings -Wformat-security -Wlogical-op -Wdouble-promotion -DCOMPILER_SUPPORT_Wnopsabi -Werror    CMakeFiles/cmTryCompileExec1925142633.dir/src.cxx.o  -o cmTryCompileExec1925142633 -rdynamic 
gmake[1]: Leaving directory `/gpfs/home/pgersberg/libeigen/buikd_dir/CMakeFiles/CMakeTmp'

Source file was:
int main() { return 0;}
Performing C++ SOURCE FILE Test COMPILER_SUPPORT_Wnovariadicmacros succeded with the following output:
Change Dir: /gpfs/home/pgersberg/libeigen/buikd_dir/CMakeFiles/CMakeTmp

Run Build Command:/usr/bin/gmake "cmTryCompileExec3888373161/fast"
/usr/bin/gmake -f CMakeFiles/cmTryCompileExec3888373161.dir/build.make CMakeFiles/cmTryCompileExec3888373161.dir/build
gmake[1]: Entering directory `/gpfs/home/pgersberg/libeigen/buikd_dir/CMakeFiles/CMakeTmp'
/usr/bin/cmake -E cmake_progress_report /gpfs/home/pgersberg/libeigen/buikd_dir/CMakeFiles/CMakeTmp/CMakeFiles 1
Building CXX object CMakeFiles/cmTryCompileExec3888373161.dir/src.cxx.o
/usr/bin/c++    -std=c++03 -pedantic -Wall -Wextra -Wundef -Wcast-align -Wchar-subscripts -Wnon-virtual-dtor -Wunused-local-typedefs -Wpointer-arith -Wwrite-strings -Wformat-security -Wlogical-op -Wdouble-promotion -Wno-psabi -DCOMPILER_SUPPORT_Wnovariadicmacros -Werror   -Wno-variadic-macros -o CMakeFiles/cmTryCompileExec3888373161.dir/src.cxx.o -c /gpfs/home/pgersberg/libeigen/buikd_dir/CMakeFiles/CMakeTmp/src.cxx
Linking CXX executable cmTryCompileExec3888373161
/usr/bin/cmake -E cmake_link_script CMakeFiles/cmTryCompileExec3888373161.dir/link.txt --verbose=1
/usr/bin/c++    -std=c++03 -pedantic -Wall -Wextra -Wundef -Wcast-align -Wchar-subscripts -Wnon-virtual-dtor -Wunused-local-typedefs -Wpointer-arith -Wwrite-strings -Wformat-security -Wlogical-op -Wdouble-promotion -Wno-psabi -DCOMPILER_SUPPORT_Wnovariadicmacros -Werror    CMakeFiles/cmTryCompileExec3888373161.dir/src.cxx.o  -o cmTryCompileExec3888373161 -rdynamic 
gmake[1]: Leaving directory `/gpfs/home/pgersberg/libeigen/buikd_dir/CMakeFiles/CMakeTmp'

Source file was:
int main() { return 0;}
Performing C++ SOURCE FILE Test COMPILER_SUPPORT_Wnolonglong succeded with the following output:
Change Dir: /gpfs/home/pgersberg/libeigen/buikd_dir/CMakeFiles/CMakeTmp

Run Build Command:/usr/bin/gmake "cmTryCompileExec1388795329/fast"
/usr/bin/gmake -f CMakeFiles/cmTryCompileExec1388795329.dir/build.make CMakeFiles/cmTryCompileExec1388795329.dir/build
gmake[1]: Entering directory `/gpfs/home/pgersberg/libeigen/buikd_dir/CMakeFiles/CMakeTmp'
/usr/bin/cmake -E cmake_progress_report /gpfs/home/pgersberg/libeigen/buikd_dir/CMakeFiles/CMakeTmp/CMakeFiles 1
Building CXX object CMakeFiles/cmTryCompileExec1388795329.dir/src.cxx.o
/usr/bin/c++    -std=c++03 -pedantic -Wall -Wextra -Wundef -Wcast-align -Wchar-subscripts -Wnon-virtual-dtor -Wunused-local-typedefs -Wpointer-arith -Wwrite-strings -Wformat-security -Wlogical-op -Wdouble-promotion -Wno-psabi -Wno-variadic-macros -DCOMPILER_SUPPORT_Wnolonglong -Werror   -Wno-long-long -o CMakeFiles/cmTryCompileExec1388795329.dir/src.cxx.o -c /gpfs/home/pgersberg/libeigen/buikd_dir/CMakeFiles/CMakeTmp/src.cxx
Linking CXX executable cmTryCompileExec1388795329
/usr/bin/cmake -E cmake_link_script CMakeFiles/cmTryCompileExec1388795329.dir/link.txt --verbose=1
/usr/bin/c++    -std=c++03 -pedantic -Wall -Wextra -Wundef -Wcast-align -Wchar-subscripts -Wnon-virtual-dtor -Wunused-local-typedefs -Wpointer-arith -Wwrite-strings -Wformat-security -Wlogical-op -Wdouble-promotion -Wno-psabi -Wno-variadic-macros -DCOMPILER_SUPPORT_Wnolonglong -Werror    CMakeFiles/cmTryCompileExec1388795329.dir/src.cxx.o  -o cmTryCompileExec1388795329 -rdynamic 
gmake[1]: Leaving directory `/gpfs/home/pgersberg/libeigen/buikd_dir/CMakeFiles/CMakeTmp'

Source file was:
int main() { return 0;}
Performing C++ SOURCE FILE Test COMPILER_SUPPORT_fnochecknew succeded with the following output:
Change Dir: /gpfs/home/pgersberg/libeigen/buikd_dir/CMakeFiles/CMakeTmp

Run Build Command:/usr/bin/gmake "cmTryCompileExec625485221/fast"
/usr/bin/gmake -f CMakeFiles/cmTryCompileExec625485221.dir/build.make CMakeFiles/cmTryCompileExec625485221.dir/build
gmake[1]: Entering directory `/gpfs/home/pgersberg/libeigen/buikd_dir/CMakeFiles/CMakeTmp'
/usr/bin/cmake -E cmake_progress_report /gpfs/home/pgersberg/libeigen/buikd_dir/CMakeFiles/CMakeTmp/CMakeFiles 1
Building CXX object CMakeFiles/cmTryCompileExec625485221.dir/src.cxx.o
/usr/bin/c++    -std=c++03 -pedantic -Wall -Wextra -Wundef -Wcast-align -Wchar-subscripts -Wnon-virtual-dtor -Wunused-local-typedefs -Wpointer-arith -Wwrite-strings -Wformat-security -Wlogical-op -Wdouble-promotion -Wno-psabi -Wno-variadic-macros -Wno-long-long -DCOMPILER_SUPPORT_fnochecknew -Werror   -fno-check-new -o CMakeFiles/cmTryCompileExec625485221.dir/src.cxx.o -c /gpfs/home/pgersberg/libeigen/buikd_dir/CMakeFiles/CMakeTmp/src.cxx
Linking CXX executable cmTryCompileExec625485221
/usr/bin/cmake -E cmake_link_script CMakeFiles/cmTryCompileExec625485221.dir/link.txt --verbose=1
/usr/bin/c++    -std=c++03 -pedantic -Wall -Wextra -Wundef -Wcast-align -Wchar-subscripts -Wnon-virtual-dtor -Wunused-local-typedefs -Wpointer-arith -Wwrite-strings -Wformat-security -Wlogical-op -Wdouble-promotion -Wno-psabi -Wno-variadic-macros -Wno-long-long -DCOMPILER_SUPPORT_fnochecknew -Werror    CMakeFiles/cmTryCompileExec625485221.dir/src.cxx.o  -o cmTryCompileExec625485221 -rdynamic 
gmake[1]: Leaving directory `/gpfs/home/pgersberg/libeigen/buikd_dir/CMakeFiles/CMakeTmp'

Source file was:
int main() { return 0;}
Performing C++ SOURCE FILE Test COMPILER_SUPPORT_fnocommon succeded with the following output:
Change Dir: /gpfs/home/pgersberg/libeigen/buikd_dir/CMakeFiles/CMakeTmp

Run Build Command:/usr/bin/gmake "cmTryCompileExec3961385235/fast"
/usr/bin/gmake -f CMakeFiles/cmTryCompileExec3961385235.dir/build.make CMakeFiles/cmTryCompileExec3961385235.dir/build
gmake[1]: Entering directory `/gpfs/home/pgersberg/libeigen/buikd_dir/CMakeFiles/CMakeTmp'
/usr/bin/cmake -E cmake_progress_report /gpfs/home/pgersberg/libeigen/buikd_dir/CMakeFiles/CMakeTmp/CMakeFiles 1
Building CXX object CMakeFiles/cmTryCompileExec3961385235.dir/src.cxx.o
/usr/bin/c++    -std=c++03 -pedantic -Wall -Wextra -Wundef -Wcast-align -Wchar-subscripts -Wnon-virtual-dtor -Wunused-local-typedefs -Wpointer-arith -Wwrite-strings -Wformat-security -Wlogical-op -Wdouble-promotion -Wno-psabi -Wno-variadic-macros -Wno-long-long -fno-check-new -DCOMPILER_SUPPORT_fnocommon -Werror   -fno-common -o CMakeFiles/cmTryCompileExec3961385235.dir/src.cxx.o -c /gpfs/home/pgersberg/libeigen/buikd_dir/CMakeFiles/CMakeTmp/src.cxx
Linking CXX executable cmTryCompileExec3961385235
/usr/bin/cmake -E cmake_link_script CMakeFiles/cmTryCompileExec3961385235.dir/link.txt --verbose=1
/usr/bin/c++    -std=c++03 -pedantic -Wall -Wextra -Wundef -Wcast-align -Wchar-subscripts -Wnon-virtual-dtor -Wunused-local-typedefs -Wpointer-arith -Wwrite-strings -Wformat-security -Wlogical-op -Wdouble-promotion -Wno-psabi -Wno-variadic-macros -Wno-long-long -fno-check-new -DCOMPILER_SUPPORT_fnocommon -Werror    CMakeFiles/cmTryCompileExec3961385235.dir/src.cxx.o  -o cmTryCompileExec3961385235 -rdynamic 
gmake[1]: Leaving directory `/gpfs/home/pgersberg/libeigen/buikd_dir/CMakeFiles/CMakeTmp'

Source file was:
int main() { return 0;}
Performing C++ SOURCE FILE Test COMPILER_SUPPORT_fstrictaliasing succeded with the following output:
Change Dir: /gpfs/home/pgersberg/libeigen/buikd_dir/CMakeFiles/CMakeTmp

Run Build Command:/usr/bin/gmake "cmTryCompileExec584814015/fast"
/usr/bin/gmake -f CMakeFiles/cmTryCompileExec584814015.dir/build.make CMakeFiles/cmTryCompileExec584814015.dir/build
gmake[1]: Entering directory `/gpfs/home/pgersberg/libeigen/buikd_dir/CMakeFiles/CMakeTmp'
/usr/bin/cmake -E cmake_progress_report /gpfs/home/pgersberg/libeigen/buikd_dir/CMakeFiles/CMakeTmp/CMakeFiles 1
Building CXX object CMakeFiles/cmTryCompileExec584814015.dir/src.cxx.o
/usr/bin/c++    -std=c++03 -pedantic -Wall -Wextra -Wundef -Wcast-align -Wchar-subscripts -Wnon-virtual-dtor -Wunused-local-typedefs -Wpointer-arith -Wwrite-strings -Wformat-security -Wlogical-op -Wdouble-promotion -Wno-psabi -Wno-variadic-macros -Wno-long-long -fno-check-new -fno-common -DCOMPILER_SUPPORT_fstrictaliasing -Werror   -fstrict-aliasing -o CMakeFiles/cmTryCompileExec584814015.dir/src.cxx.o -c /gpfs/home/pgersberg/libeigen/buikd_dir/CMakeFiles/CMakeTmp/src.cxx
Linking CXX executable cmTryCompileExec584814015
/usr/bin/cmake -E cmake_link_script CMakeFiles/cmTryCompileExec584814015.dir/link.txt --verbose=1
/usr/bin/c++    -std=c++03 -pedantic -Wall -Wextra -Wundef -Wcast-align -Wchar-subscripts -Wnon-virtual-dtor -Wunused-local-typedefs -Wpointer-arith -Wwrite-strings -Wformat-security -Wlogical-op -Wdouble-promotion -Wno-psabi -Wno-variadic-macros -Wno-long-long -fno-check-new -fno-common -DCOMPILER_SUPPORT_fstrictaliasing -Werror    CMakeFiles/cmTryCompileExec584814015.dir/src.cxx.o  -o cmTryCompileExec584814015 -rdynamic 
gmake[1]: Leaving directory `/gpfs/home/pgersberg/libeigen/buikd_dir/CMakeFiles/CMakeTmp'

Source file was:
int main() { return 0;}
Performing C++ SOURCE FILE Test COMPILER_SUPPORT_ansi succeded with the following output:
Change Dir: /gpfs/home/pgersberg/libeigen/buikd_dir/CMakeFiles/CMakeTmp

Run Build Command:/usr/bin/gmake "cmTryCompileExec2486074568/fast"
/usr/bin/gmake -f CMakeFiles/cmTryCompileExec2486074568.dir/build.make CMakeFiles/cmTryCompileExec2486074568.dir/build
gmake[1]: Entering directory `/gpfs/home/pgersberg/libeigen/buikd_dir/CMakeFiles/CMakeTmp'
/usr/bin/cmake -E cmake_progress_report /gpfs/home/pgersberg/libeigen/buikd_dir/CMakeFiles/CMakeTmp/CMakeFiles 1
Building CXX object CMakeFiles/cmTryCompileExec2486074568.dir/src.cxx.o
/usr/bin/c++    -std=c++03 -pedantic -Wall -Wextra -Wundef -Wcast-align -Wchar-subscripts -Wnon-virtual-dtor -Wunused-local-typedefs -Wpointer-arith -Wwrite-strings -Wformat-security -Wlogical-op -Wdouble-promotion -Wno-psabi -Wno-variadic-macros -Wno-long-long -fno-check-new -fno-common -fstrict-aliasing -DCOMPILER_SUPPORT_ansi -Werror   -ansi -o CMakeFiles/cmTryCompileExec2486074568.dir/src.cxx.o -c /gpfs/home/pgersberg/libeigen/buikd_dir/CMakeFiles/CMakeTmp/src.cxx
Linking CXX executable cmTryCompileExec2486074568
/usr/bin/cmake -E cmake_link_script CMakeFiles/cmTryCompileExec2486074568.dir/link.txt --verbose=1
/usr/bin/c++    -std=c++03 -pedantic -Wall -Wextra -Wundef -Wcast-align -Wchar-subscripts -Wnon-virtual-dtor -Wunused-local-typedefs -Wpointer-arith -Wwrite-strings -Wformat-security -Wlogical-op -Wdouble-promotion -Wno-psabi -Wno-variadic-macros -Wno-long-long -fno-check-new -fno-common -fstrict-aliasing -DCOMPILER_SUPPORT_ansi -Werror    CMakeFiles/cmTryCompileExec2486074568.dir/src.cxx.o  -o cmTryCompileExec2486074568 -rdynamic 
gmake[1]: Leaving directory `/gpfs/home/pgersberg/libeigen/buikd_dir/CMakeFiles/CMakeTmp'

Source file was:
int main() { return 0;}
Performing C++ SOURCE FILE Test COMPILER_SUPPORT_OPENMP succeded with the following output:
Change Dir: /gpfs/home/pgersberg/libeigen/buikd_dir/CMakeFiles/CMakeTmp

Run Build Command:/usr/bin/gmake "cmTryCompileExec2489330343/fast"
/usr/bin/gmake -f CMakeFiles/cmTryCompileExec2489330343.dir/build.make CMakeFiles/cmTryCompileExec2489330343.dir/build
gmake[1]: Entering directory `/gpfs/home/pgersberg/libeigen/buikd_dir/CMakeFiles/CMakeTmp'
/usr/bin/cmake -E cmake_progress_report /gpfs/home/pgersberg/libeigen/buikd_dir/CMakeFiles/CMakeTmp/CMakeFiles 1
Building CXX object CMakeFiles/cmTryCompileExec2489330343.dir/src.cxx.o
/usr/bin/c++    -std=c++03 -pedantic -Wall -Wextra -Wundef -Wcast-align -Wchar-subscripts -Wnon-virtual-dtor -Wunused-local-typedefs -Wpointer-arith -Wwrite-strings -Wformat-security -Wlogical-op -Wdouble-promotion -Wno-psabi -Wno-variadic-macros -Wno-long-long -fno-check-new -fno-common -fstrict-aliasing -ansi -DCOMPILER_SUPPORT_OPENMP   -fopenmp -o CMakeFiles/cmTryCompileExec2489330343.dir/src.cxx.o -c /gpfs/home/pgersberg/libeigen/buikd_dir/CMakeFiles/CMakeTmp/src.cxx
Linking CXX executable cmTryCompileExec2489330343
/usr/bin/cmake -E cmake_link_script CMakeFiles/cmTryCompileExec2489330343.dir/link.txt --verbose=1
/usr/bin/c++    -std=c++03 -pedantic -Wall -Wextra -Wundef -Wcast-align -Wchar-subscripts -Wnon-virtual-dtor -Wunused-local-typedefs -Wpointer-arith -Wwrite-strings -Wformat-security -Wlogical-op -Wdouble-promotion -Wno-psabi -Wno-variadic-macros -Wno-long-long -fno-check-new -fno-common -fstrict-aliasing -ansi -DCOMPILER_SUPPORT_OPENMP    CMakeFiles/cmTryCompileExec2489330343.dir/src.cxx.o  -o cmTryCompileExec2489330343 -rdynamic 
gmake[1]: Leaving directory `/gpfs/home/pgersberg/libeigen/buikd_dir/CMakeFiles/CMakeTmp'

Source file was:
int main() { return 0;}
Determining if the Q_WS_X11 exist passed with the following output:
Change Dir: /gpfs/home/pgersberg/libeigen/buikd_dir/CMakeFiles/CMakeTmp

Run Build Command:/usr/bin/gmake "cmTryCompileExec1356593696/fast"
/usr/bin/gmake -f CMakeFiles/cmTryCompileExec1356593696.dir/build.make CMakeFiles/cmTryCompileExec1356593696.dir/build
gmake[1] : on entre dans le répertoire « /gpfs/home/pgersberg/libeigen/buikd_dir/CMakeFiles/CMakeTmp »
/usr/bin/cmake -E cmake_progress_report /gpfs/home/pgersberg/libeigen/buikd_dir/CMakeFiles/CMakeTmp/CMakeFiles 1
Building CXX object CMakeFiles/cmTryCompileExec1356593696.dir/CheckSymbolExists.cxx.o
/usr/bin/c++    -std=c++03 -pedantic -Wall -Wextra -Wundef -Wcast-align -Wchar-subscripts -Wnon-virtual-dtor -Wunused-local-typedefs -Wpointer-arith -Wwrite-strings -Wformat-security -Wlogical-op -Wdouble-promotion -Wno-psabi -Wno-variadic-macros -Wno-long-long -fno-check-new -fno-common -fstrict-aliasing -ansi -O1 -g1    -o CMakeFiles/cmTryCompileExec1356593696.dir/CheckSymbolExists.cxx.o -c /gpfs/home/pgersberg/libeigen/buikd_dir/CMakeFiles/CMakeTmp/CheckSymbolExists.cxx
Linking CXX executable cmTryCompileExec1356593696
/usr/bin/cmake -E cmake_link_script CMakeFiles/cmTryCompileExec1356593696.dir/link.txt --verbose=1
/usr/bin/c++    -std=c++03 -pedantic -Wall -Wextra -Wundef -Wcast-align -Wchar-subscripts -Wnon-virtual-dtor -Wunused-local-typedefs -Wpointer-arith -Wwrite-strings -Wformat-security -Wlogical-op -Wdouble-promotion -Wno-psabi -Wno-variadic-macros -Wno-long-long -fno-check-new -fno-common -fstrict-aliasing -ansi -O1 -g1     CMakeFiles/cmTryCompileExec1356593696.dir/CheckSymbolExists.cxx.o  -o cmTryCompileExec1356593696 -rdynamic 
gmake[1] : on quitte le répertoire « /gpfs/home/pgersberg/libeigen/buikd_dir/CMakeFiles/CMakeTmp »

File /gpfs/home/pgersberg/libeigen/buikd_dir/CMakeFiles/CMakeTmp/CheckSymbolExists.cxx:
/* */
#include <QtCore/qglobal.h>

int main(int argc, char** argv)
{
  (void)argv;
#ifndef Q_WS_X11
  return ((int*)(&Q_WS_X11))[argc];
#else
  (void)argc;
  return 0;
#endif
}

Compiling the Fortran compiler identification source file "CMakeFortranCompilerId.F" succeeded.
Compiler: /usr/bin/gfortran 
Build flags: 
Id flags: 

The output was:
0


Compilation of the Fortran compiler identification source "CMakeFortranCompilerId.F" produced "a.out"

The Fortran compiler identification is GNU, found in "/gpfs/home/pgersberg/libeigen/buikd_dir/CMakeFiles/2.8.12.2/CompilerIdFortran/a.out"

Determining if the Fortran compiler works passed with the following output:
Change Dir: /gpfs/home/pgersberg/libeigen/buikd_dir/CMakeFiles/CMakeTmp

Run Build Command:/usr/bin/gmake "cmTryCompileExec2279918369/fast"
/usr/bin/gmake -f CMakeFiles/cmTryCompileExec2279918369.dir/build.make CMakeFiles/cmTryCompileExec2279918369.dir/build
gmake[1] : on entre dans le répertoire « /gpfs/home/pgersberg/libeigen/buikd_dir/CMakeFiles/CMakeTmp »
/usr/bin/cmake -E cmake_progress_report /gpfs/home/pgersberg/libeigen/buikd_dir/CMakeFiles/CMakeTmp/CMakeFiles 1
Building Fortran object CMakeFiles/cmTryCompileExec2279918369.dir/testFortranCompiler.f.o
/usr/bin/gfortran    -c /gpfs/home/pgersberg/libeigen/buikd_dir/CMakeFiles/CMakeTmp/testFortranCompiler.f -o CMakeFiles/cmTryCompileExec2279918369.dir/testFortranCompiler.f.o
Linking Fortran executable cmTryCompileExec2279918369
/usr/bin/cmake -E cmake_link_script CMakeFiles/cmTryCompileExec2279918369.dir/link.txt --verbose=1
/usr/bin/gfortran       CMakeFiles/cmTryCompileExec2279918369.dir/testFortranCompiler.f.o  -o cmTryCompileExec2279918369 -rdynamic 
gmake[1] : on quitte le répertoire « /gpfs/home/pgersberg/libeigen/buikd_dir/CMakeFiles/CMakeTmp »


Detecting Fortran compiler ABI info compiled with the following output:
Change Dir: /gpfs/home/pgersberg/libeigen/buikd_dir/CMakeFiles/CMakeTmp

Run Build Command:/usr/bin/gmake "cmTryCompileExec2323287682/fast"
/usr/bin/gmake -f CMakeFiles/cmTryCompileExec2323287682.dir/build.make CMakeFiles/cmTryCompileExec2323287682.dir/build
gmake[1] : on entre dans le répertoire « /gpfs/home/pgersberg/libeigen/buikd_dir/CMakeFiles/CMakeTmp »
/usr/bin/cmake -E cmake_progress_report /gpfs/home/pgersberg/libeigen/buikd_dir/CMakeFiles/CMakeTmp/CMakeFiles 1
Building Fortran object CMakeFiles/cmTryCompileExec2323287682.dir/CMakeFortranCompilerABI.F.o
/usr/bin/gfortran    -c /usr/share/cmake/Modules/CMakeFortranCompilerABI.F -o CMakeFiles/cmTryCompileExec2323287682.dir/CMakeFortranCompilerABI.F.o
Linking Fortran executable cmTryCompileExec2323287682
/usr/bin/cmake -E cmake_link_script CMakeFiles/cmTryCompileExec2323287682.dir/link.txt --verbose=1
/usr/bin/gfortran   -v   CMakeFiles/cmTryCompileExec2323287682.dir/CMakeFortranCompilerABI.F.o  -o cmTryCompileExec2323287682 -rdynamic  
Driving: /usr/bin/gfortran -v CMakeFiles/cmTryCompileExec2323287682.dir/CMakeFortranCompilerABI.F.o -o cmTryCompileExec2323287682 -rdynamic -l gfortran -l m -shared-libgcc
Utilisation des specs internes.
COLLECT_GCC=/usr/bin/gfortran
COLLECT_LTO_WRAPPER=/usr/libexec/gcc/x86_64-redhat-linux/4.8.5/lto-wrapper
Target: x86_64-redhat-linux
Configuré avec: ../configure --prefix=/usr --mandir=/usr/share/man --infodir=/usr/share/info --with-bugurl=http://bugzilla.redhat.com/bugzilla --enable-bootstrap --enable-shared --enable-threads=posix --enable-checking=release --with-system-zlib --enable-__cxa_atexit --disable-libunwind-exceptions --enable-gnu-unique-object --enable-linker-build-id --with-linker-hash-style=gnu --enable-languages=c,c++,objc,obj-c++,java,fortran,ada,go,lto --enable-plugin --enable-initfini-array --disable-libgcj --with-isl=/builddir/build/BUILD/gcc-4.8.5-20150702/obj-x86_64-redhat-linux/isl-install --with-cloog=/builddir/build/BUILD/gcc-4.8.5-20150702/obj-x86_64-redhat-linux/cloog-install --enable-gnu-indirect-function --with-tune=generic --with-arch_32=x86-64 --build=x86_64-redhat-linux
Modèle de thread: posix
gcc version 4.8.5 20150623 (Red Hat 4.8.5-36) (GCC) 
Lecture des spécification à partir de /usr/lib/gcc/x86_64-redhat-linux/4.8.5/libgfortran.spec
renommé les specs lib à liborig
COLLECT_GCC_OPTIONS='-v' '-o' 'cmTryCompileExec2323287682' '-rdynamic' '-shared-libgcc' '-mtune=generic' '-march=x86-64'
COMPILER_PATH=/usr/libexec/gcc/x86_64-redhat-linux/4.8.5/:/usr/libexec/gcc/x86_64-redhat-linux/4.8.5/:/usr/libexec/gcc/x86_64-redhat-linux/:/usr/lib/gcc/x86_64-redhat-linux/4.8.5/:/usr/lib/gcc/x86_64-redhat-linux/
LIBRARY_PATH=/usr/lib/gcc/x86_64-redhat-linux/4.8.5/:/usr/lib/gcc/x86_64-redhat-linux/4.8.5/../../../../lib64/:/lib/../lib64/:/usr/lib/../lib64/:/usr/lib/gcc/x86_64-redhat-linux/4.8.5/../../../:/lib/:/usr/lib/
COLLECT_GCC_OPTIONS='-v' '-o' 'cmTryCompileExec2323287682' '-rdynamic' '-shared-libgcc' '-mtune=generic' '-march=x86-64'
 /usr/libexec/gcc/x86_64-redhat-linux/4.8.5/collect2 --build-id --no-add-needed --eh-frame-hdr --hash-style=gnu -m elf_x86_64 -export-dynamic -dynamic-linker /lib64/ld-linux-x86-64.so.2 -o cmTryCompileExec2323287682 /usr/lib/gcc/x86_64-redhat-linux/4.8.5/../../../../lib64/crt1.o /usr/lib/gcc/x86_64-redhat-linux/4.8.5/../../../../lib64/crti.o /usr/lib/gcc/x86_64-redhat-linux/4.8.5/crtbegin.o -L/usr/lib/gcc/x86_64-redhat-linux/4.8.5 -L/usr/lib/gcc/x86_64-redhat-linux/4.8.5/../../../../lib64 -L/lib/../lib64 -L/usr/lib/../lib64 -L/usr/lib/gcc/x86_64-redhat-linux/4.8.5/../../.. CMakeFiles/cmTryCompileExec2323287682.dir/CMakeFortranCompilerABI.F.o -lgfortran -lm -lgcc_s -lgcc -lquadmath -lm -lgcc_s -lgcc -lc -lgcc_s -lgcc /usr/lib/gcc/x86_64-redhat-linux/4.8.5/crtend.o /usr/lib/gcc/x86_64-redhat-linux/4.8.5/../../../../lib64/crtn.o
gmake[1] : on quitte le répertoire « /gpfs/home/pgersberg/libeigen/buikd_dir/CMakeFiles/CMakeTmp »


Parsed Fortran implicit link information from above output:
  link line regex: [^( *|.*[/\])(ld|([^/\]+-)?ld|collect2)[^/\]*( |$)]
  ignore line: [Change Dir: /gpfs/home/pgersberg/libeigen/buikd_dir/CMakeFiles/CMakeTmp]
  ignore line: []
  ignore line: [Run Build Command:/usr/bin/gmake "cmTryCompileExec2323287682/fast"]
  ignore line: [/usr/bin/gmake -f CMakeFiles/cmTryCompileExec2323287682.dir/build.make CMakeFiles/cmTryCompileExec2323287682.dir/build]
  ignore line: [gmake[1] : on entre dans le répertoire « /gpfs/home/pgersberg/libeigen/buikd_dir/CMakeFiles/CMakeTmp »]
  ignore line: [/usr/bin/cmake -E cmake_progress_report /gpfs/home/pgersberg/libeigen/buikd_dir/CMakeFiles/CMakeTmp/CMakeFiles 1]
  ignore line: [Building Fortran object CMakeFiles/cmTryCompileExec2323287682.dir/CMakeFortranCompilerABI.F.o]
  ignore line: [/usr/bin/gfortran    -c /usr/share/cmake/Modules/CMakeFortranCompilerABI.F -o CMakeFiles/cmTryCompileExec2323287682.dir/CMakeFortranCompilerABI.F.o]
  ignore line: [Linking Fortran executable cmTryCompileExec2323287682]
  ignore line: [/usr/bin/cmake -E cmake_link_script CMakeFiles/cmTryCompileExec2323287682.dir/link.txt --verbose=1]
  ignore line: [/usr/bin/gfortran   -v   CMakeFiles/cmTryCompileExec2323287682.dir/CMakeFortranCompilerABI.F.o  -o cmTryCompileExec2323287682 -rdynamic  ]
  ignore line: [Driving: /usr/bin/gfortran -v CMakeFiles/cmTryCompileExec2323287682.dir/CMakeFortranCompilerABI.F.o -o cmTryCompileExec2323287682 -rdynamic -l gfortran -l m -shared-libgcc]
  ignore line: [Utilisation des specs internes.]
  ignore line: [COLLECT_GCC=/usr/bin/gfortran]
  ignore line: [COLLECT_LTO_WRAPPER=/usr/libexec/gcc/x86_64-redhat-linux/4.8.5/lto-wrapper]
  ignore line: [Target: x86_64-redhat-linux]
  ignore line: [Configuré avec: ../configure --prefix=/usr --mandir=/usr/share/man --infodir=/usr/share/info --with-bugurl=http://bugzilla.redhat.com/bugzilla --enable-bootstrap --enable-shared --enable-threads=posix --enable-checking=release --with-system-zlib --enable-__cxa_atexit --disable-libunwind-exceptions --enable-gnu-unique-object --enable-linker-build-id --with-linker-hash-style=gnu --enable-languages=c,c++,objc,obj-c++,java,fortran,ada,go,lto --enable-plugin --enable-initfini-array --disable-libgcj --with-isl=/builddir/build/BUILD/gcc-4.8.5-20150702/obj-x86_64-redhat-linux/isl-install --with-cloog=/builddir/build/BUILD/gcc-4.8.5-20150702/obj-x86_64-redhat-linux/cloog-install --enable-gnu-indirect-function --with-tune=generic --with-arch_32=x86-64 --build=x86_64-redhat-linux]
  ignore line: [Modèle de thread: posix]
  ignore line: [gcc version 4.8.5 20150623 (Red Hat 4.8.5-36) (GCC) ]
  ignore line: [Lecture des spécification à partir de /usr/lib/gcc/x86_64-redhat-linux/4.8.5/libgfortran.spec]
  ignore line: [renommé les specs lib à liborig]
  ignore line: [COLLECT_GCC_OPTIONS='-v' '-o' 'cmTryCompileExec2323287682' '-rdynamic' '-shared-libgcc' '-mtune=generic' '-march=x86-64']
  ignore line: [COMPILER_PATH=/usr/libexec/gcc/x86_64-redhat-linux/4.8.5/:/usr/libexec/gcc/x86_64-redhat-linux/4.8.5/:/usr/libexec/gcc/x86_64-redhat-linux/:/usr/lib/gcc/x86_64-redhat-linux/4.8.5/:/usr/lib/gcc/x86_64-redhat-linux/]
  ignore line: [LIBRARY_PATH=/usr/lib/gcc/x86_64-redhat-linux/4.8.5/:/usr/lib/gcc/x86_64-redhat-linux/4.8.5/../../../../lib64/:/lib/../lib64/:/usr/lib/../lib64/:/usr/lib/gcc/x86_64-redhat-linux/4.8.5/../../../:/lib/:/usr/lib/]
  ignore line: [COLLECT_GCC_OPTIONS='-v' '-o' 'cmTryCompileExec2323287682' '-rdynamic' '-shared-libgcc' '-mtune=generic' '-march=x86-64']
  link line: [ /usr/libexec/gcc/x86_64-redhat-linux/4.8.5/collect2 --build-id --no-add-needed --eh-frame-hdr --hash-style=gnu -m elf_x86_64 -export-dynamic -dynamic-linker /lib64/ld-linux-x86-64.so.2 -o cmTryCompileExec2323287682 /usr/lib/gcc/x86_64-redhat-linux/4.8.5/../../../../lib64/crt1.o /usr/lib/gcc/x86_64-redhat-linux/4.8.5/../../../../lib64/crti.o /usr/lib/gcc/x86_64-redhat-linux/4.8.5/crtbegin.o -L/usr/lib/gcc/x86_64-redhat-linux/4.8.5 -L/usr/lib/gcc/x86_64-redhat-linux/4.8.5/../../../../lib64 -L/lib/../lib64 -L/usr/lib/../lib64 -L/usr/lib/gcc/x86_64-redhat-linux/4.8.5/../../.. CMakeFiles/cmTryCompileExec2323287682.dir/CMakeFortranCompilerABI.F.o -lgfortran -lm -lgcc_s -lgcc -lquadmath -lm -lgcc_s -lgcc -lc -lgcc_s -lgcc /usr/lib/gcc/x86_64-redhat-linux/4.8.5/crtend.o /usr/lib/gcc/x86_64-redhat-linux/4.8.5/../../../../lib64/crtn.o]
    arg [/usr/libexec/gcc/x86_64-redhat-linux/4.8.5/collect2] ==> ignore
    arg [--build-id] ==> ignore
    arg [--no-add-needed] ==> ignore
    arg [--eh-frame-hdr] ==> ignore
    arg [--hash-style=gnu] ==> ignore
    arg [-m] ==> ignore
    arg [elf_x86_64] ==> ignore
    arg [-export-dynamic] ==> ignore
    arg [-dynamic-linker] ==> ignore
    arg [/lib64/ld-linux-x86-64.so.2] ==> ignore
    arg [-o] ==> ignore
    arg [cmTryCompileExec2323287682] ==> ignore
    arg [/usr/lib/gcc/x86_64-redhat-linux/4.8.5/../../../../lib64/crt1.o] ==> ignore
    arg [/usr/lib/gcc/x86_64-redhat-linux/4.8.5/../../../../lib64/crti.o] ==> ignore
    arg [/usr/lib/gcc/x86_64-redhat-linux/4.8.5/crtbegin.o] ==> ignore
    arg [-L/usr/lib/gcc/x86_64-redhat-linux/4.8.5] ==> dir [/usr/lib/gcc/x86_64-redhat-linux/4.8.5]
    arg [-L/usr/lib/gcc/x86_64-redhat-linux/4.8.5/../../../../lib64] ==> dir [/usr/lib/gcc/x86_64-redhat-linux/4.8.5/../../../../lib64]
    arg [-L/lib/../lib64] ==> dir [/lib/../lib64]
    arg [-L/usr/lib/../lib64] ==> dir [/usr/lib/../lib64]
    arg [-L/usr/lib/gcc/x86_64-redhat-linux/4.8.5/../../..] ==> dir [/usr/lib/gcc/x86_64-redhat-linux/4.8.5/../../..]
    arg [CMakeFiles/cmTryCompileExec2323287682.dir/CMakeFortranCompilerABI.F.o] ==> ignore
    arg [-lgfortran] ==> lib [gfortran]
    arg [-lm] ==> lib [m]
    arg [-lgcc_s] ==> lib [gcc_s]
    arg [-lgcc] ==> lib [gcc]
    arg [-lquadmath] ==> lib [quadmath]
    arg [-lm] ==> lib [m]
    arg [-lgcc_s] ==> lib [gcc_s]
    arg [-lgcc] ==> lib [gcc]
    arg [-lc] ==> lib [c]
    arg [-lgcc_s] ==> lib [gcc_s]
    arg [-lgcc] ==> lib [gcc]
    arg [/usr/lib/gcc/x86_64-redhat-linux/4.8.5/crtend.o] ==> ignore
    arg [/usr/lib/gcc/x86_64-redhat-linux/4.8.5/../../../../lib64/crtn.o] ==> ignore
  remove lib [gcc_s]
  remove lib [gcc]
  remove lib [gcc_s]
  remove lib [gcc]
  remove lib [gcc_s]
  remove lib [gcc]
  collapse library dir [/usr/lib/gcc/x86_64-redhat-linux/4.8.5] ==> [/usr/lib/gcc/x86_64-redhat-linux/4.8.5]
  collapse library dir [/usr/lib/gcc/x86_64-redhat-linux/4.8.5/../../../../lib64] ==> [/usr/lib64]
  collapse library dir [/lib/../lib64] ==> [/lib64]
  collapse library dir [/usr/lib/../lib64] ==> [/usr/lib64]
  collapse library dir [/usr/lib/gcc/x86_64-redhat-linux/4.8.5/../../..] ==> [/usr/lib]
  implicit libs: [gfortran;m;quadmath;m;c]
  implicit dirs: [/usr/lib/gcc/x86_64-redhat-linux/4.8.5;/usr/lib64;/lib64;/usr/lib]
  implicit fwks: []


Determining if the Fortran compiler supports Fortran 90 passed with the following output:
Change Dir: /gpfs/home/pgersberg/libeigen/buikd_dir/CMakeFiles/CMakeTmp

Run Build Command:/usr/bin/gmake "cmTryCompileExec2530112084/fast"
/usr/bin/gmake -f CMakeFiles/cmTryCompileExec2530112084.dir/build.make CMakeFiles/cmTryCompileExec2530112084.dir/build
gmake[1] : on entre dans le répertoire « /gpfs/home/pgersberg/libeigen/buikd_dir/CMakeFiles/CMakeTmp »
/usr/bin/cmake -E cmake_progress_report /gpfs/home/pgersberg/libeigen/buikd_dir/CMakeFiles/CMakeTmp/CMakeFiles 1
Building Fortran object CMakeFiles/cmTryCompileExec2530112084.dir/testFortranCompilerF90.f90.o
/usr/bin/gfortran    -c /gpfs/home/pgersberg/libeigen/buikd_dir/CMakeFiles/CMakeTmp/testFortranCompilerF90.f90 -o CMakeFiles/cmTryCompileExec2530112084.dir/testFortranCompilerF90.f90.o
Linking Fortran executable cmTryCompileExec2530112084
/usr/bin/cmake -E cmake_link_script CMakeFiles/cmTryCompileExec2530112084.dir/link.txt --verbose=1
/usr/bin/gfortran       CMakeFiles/cmTryCompileExec2530112084.dir/testFortranCompilerF90.f90.o  -o cmTryCompileExec2530112084 -rdynamic 
gmake[1] : on quitte le répertoire « /gpfs/home/pgersberg/libeigen/buikd_dir/CMakeFiles/CMakeTmp »


Performing C++ SOURCE FILE Test COMPILER_SUPPORT_FASTMATH succeded with the following output:
Change Dir: /gpfs/home/pgersberg/libeigen/buikd_dir/CMakeFiles/CMakeTmp

Run Build Command:/usr/bin/gmake "cmTryCompileExec3290245883/fast"
/usr/bin/gmake -f CMakeFiles/cmTryCompileExec3290245883.dir/build.make CMakeFiles/cmTryCompileExec3290245883.dir/build
gmake[1]: Entering directory `/gpfs/home/pgersberg/libeigen/buikd_dir/CMakeFiles/CMakeTmp'
/usr/bin/cmake -E cmake_progress_report /gpfs/home/pgersberg/libeigen/buikd_dir/CMakeFiles/CMakeTmp/CMakeFiles 1
Building CXX object CMakeFiles/cmTryCompileExec3290245883.dir/src.cxx.o
/usr/bin/c++    -std=c++03 -pedantic -Wall -Wextra -Wundef -Wcast-align -Wchar-subscripts -Wnon-virtual-dtor -Wunused-local-typedefs -Wpointer-arith -Wwrite-strings -Wformat-security -Wlogical-op -Wdouble-promotion -Wno-psabi -Wno-variadic-macros -Wno-long-long -fno-check-new -fno-common -fstrict-aliasing -ansi -DCOMPILER_SUPPORT_FASTMATH   -ffast-math -o CMakeFiles/cmTryCompileExec3290245883.dir/src.cxx.o -c /gpfs/home/pgersberg/libeigen/buikd_dir/CMakeFiles/CMakeTmp/src.cxx
Linking CXX executable cmTryCompileExec3290245883
/usr/bin/cmake -E cmake_link_script CMakeFiles/cmTryCompileExec3290245883.dir/link.txt --verbose=1
/usr/bin/c++    -std=c++03 -pedantic -Wall -Wextra -Wundef -Wcast-align -Wchar-subscripts -Wnon-virtual-dtor -Wunused-local-typedefs -Wpointer-arith -Wwrite-strings -Wformat-security -Wlogical-op -Wdouble-promotion -Wno-psabi -Wno-variadic-macros -Wno-long-long -fno-check-new -fno-common -fstrict-aliasing -ansi -DCOMPILER_SUPPORT_FASTMATH    CMakeFiles/cmTryCompileExec3290245883.dir/src.cxx.o  -o cmTryCompileExec3290245883 -rdynamic 
gmake[1]: Leaving directory `/gpfs/home/pgersberg/libeigen/buikd_dir/CMakeFiles/CMakeTmp'

Source file was:
int main() { return 0;}
Determining if files pthread.h exist passed with the following output:
Change Dir: /gpfs/home/pgersberg/libeigen/buikd_dir/CMakeFiles/CMakeTmp

Run Build Command:/usr/bin/gmake "cmTryCompileExec267264825/fast"
/usr/bin/gmake -f CMakeFiles/cmTryCompileExec267264825.dir/build.make CMakeFiles/cmTryCompileExec267264825.dir/build
gmake[1] : on entre dans le répertoire « /gpfs/home/pgersberg/libeigen/buikd_dir/CMakeFiles/CMakeTmp »
/usr/bin/cmake -E cmake_progress_report /gpfs/home/pgersberg/libeigen/buikd_dir/CMakeFiles/CMakeTmp/CMakeFiles 1
Building C object CMakeFiles/cmTryCompileExec267264825.dir/CheckIncludeFiles.c.o
/usr/bin/cc    -o CMakeFiles/cmTryCompileExec267264825.dir/CheckIncludeFiles.c.o   -c /gpfs/home/pgersberg/libeigen/buikd_dir/CMakeFiles/CMakeTmp/CheckIncludeFiles.c
Linking C executable cmTryCompileExec267264825
/usr/bin/cmake -E cmake_link_script CMakeFiles/cmTryCompileExec267264825.dir/link.txt --verbose=1
/usr/bin/cc       CMakeFiles/cmTryCompileExec267264825.dir/CheckIncludeFiles.c.o  -o cmTryCompileExec267264825 -rdynamic 
gmake[1] : on quitte le répertoire « /gpfs/home/pgersberg/libeigen/buikd_dir/CMakeFiles/CMakeTmp »


Determining if the function pthread_create exists in the pthread passed with the following output:
Change Dir: /gpfs/home/pgersberg/libeigen/buikd_dir/CMakeFiles/CMakeTmp

Run Build Command:/usr/bin/gmake "cmTryCompileExec3936573448/fast"
/usr/bin/gmake -f CMakeFiles/cmTryCompileExec3936573448.dir/build.make CMakeFiles/cmTryCompileExec3936573448.dir/build
gmake[1] : on entre dans le répertoire « /gpfs/home/pgersberg/libeigen/buikd_dir/CMakeFiles/CMakeTmp »
/usr/bin/cmake -E cmake_progress_report /gpfs/home/pgersberg/libeigen/buikd_dir/CMakeFiles/CMakeTmp/CMakeFiles 1
Building C object CMakeFiles/cmTryCompileExec3936573448.dir/CheckFunctionExists.c.o
/usr/bin/cc   -DCHECK_FUNCTION_EXISTS=pthread_create   -o CMakeFiles/cmTryCompileExec3936573448.dir/CheckFunctionExists.c.o   -c /usr/share/cmake/Modules/CheckFunctionExists.c
Linking C executable cmTryCompileExec3936573448
/usr/bin/cmake -E cmake_link_script CMakeFiles/cmTryCompileExec3936573448.dir/link.txt --verbose=1
/usr/bin/cc   -DCHECK_FUNCTION_EXISTS=pthread_create    CMakeFiles/cmTryCompileExec3936573448.dir/CheckFunctionExists.c.o  -o cmTryCompileExec3936573448 -rdynamic -lpthread 
gmake[1] : on quitte le répertoire « /gpfs/home/pgersberg/libeigen/buikd_dir/CMakeFiles/CMakeTmp »


Determining if the function XOpenDisplay exists in the /usr/lib64/libX11.so;/usr/lib64/libXext.so passed with the following output:
Change Dir: /gpfs/home/pgersberg/libeigen/buikd_dir/CMakeFiles/CMakeTmp

Run Build Command:/usr/bin/gmake "cmTryCompileExec2943762767/fast"
/usr/bin/gmake -f CMakeFiles/cmTryCompileExec2943762767.dir/build.make CMakeFiles/cmTryCompileExec2943762767.dir/build
gmake[1] : on entre dans le répertoire « /gpfs/home/pgersberg/libeigen/buikd_dir/CMakeFiles/CMakeTmp »
/usr/bin/cmake -E cmake_progress_report /gpfs/home/pgersberg/libeigen/buikd_dir/CMakeFiles/CMakeTmp/CMakeFiles 1
Building C object CMakeFiles/cmTryCompileExec2943762767.dir/CheckFunctionExists.c.o
/usr/bin/cc   -DCHECK_FUNCTION_EXISTS=XOpenDisplay   -o CMakeFiles/cmTryCompileExec2943762767.dir/CheckFunctionExists.c.o   -c /usr/share/cmake/Modules/CheckFunctionExists.c
Linking C executable cmTryCompileExec2943762767
/usr/bin/cmake -E cmake_link_script CMakeFiles/cmTryCompileExec2943762767.dir/link.txt --verbose=1
/usr/bin/cc   -DCHECK_FUNCTION_EXISTS=XOpenDisplay    CMakeFiles/cmTryCompileExec2943762767.dir/CheckFunctionExists.c.o  -o cmTryCompileExec2943762767 -rdynamic -lX11 -lXext 
gmake[1] : on quitte le répertoire « /gpfs/home/pgersberg/libeigen/buikd_dir/CMakeFiles/CMakeTmp »


Determining if the function gethostbyname exists passed with the following output:
Change Dir: /gpfs/home/pgersberg/libeigen/buikd_dir/CMakeFiles/CMakeTmp

Run Build Command:/usr/bin/gmake "cmTryCompileExec2542809221/fast"
/usr/bin/gmake -f CMakeFiles/cmTryCompileExec2542809221.dir/build.make CMakeFiles/cmTryCompileExec2542809221.dir/build
gmake[1] : on entre dans le répertoire « /gpfs/home/pgersberg/libeigen/buikd_dir/CMakeFiles/CMakeTmp »
/usr/bin/cmake -E cmake_progress_report /gpfs/home/pgersberg/libeigen/buikd_dir/CMakeFiles/CMakeTmp/CMakeFiles 1
Building C object CMakeFiles/cmTryCompileExec2542809221.dir/CheckFunctionExists.c.o
/usr/bin/cc   -DCHECK_FUNCTION_EXISTS=gethostbyname   -o CMakeFiles/cmTryCompileExec2542809221.dir/CheckFunctionExists.c.o   -c /usr/share/cmake/Modules/CheckFunctionExists.c
Linking C executable cmTryCompileExec2542809221
/usr/bin/cmake -E cmake_link_script CMakeFiles/cmTryCompileExec2542809221.dir/link.txt --verbose=1
/usr/bin/cc   -DCHECK_FUNCTION_EXISTS=gethostbyname    CMakeFiles/cmTryCompileExec2542809221.dir/CheckFunctionExists.c.o  -o cmTryCompileExec2542809221 -rdynamic 
gmake[1] : on quitte le répertoire « /gpfs/home/pgersberg/libeigen/buikd_dir/CMakeFiles/CMakeTmp »


Determining if the function connect exists passed with the following output:
Change Dir: /gpfs/home/pgersberg/libeigen/buikd_dir/CMakeFiles/CMakeTmp

Run Build Command:/usr/bin/gmake "cmTryCompileExec683431489/fast"
/usr/bin/gmake -f CMakeFiles/cmTryCompileExec683431489.dir/build.make CMakeFiles/cmTryCompileExec683431489.dir/build
gmake[1] : on entre dans le répertoire « /gpfs/home/pgersberg/libeigen/buikd_dir/CMakeFiles/CMakeTmp »
/usr/bin/cmake -E cmake_progress_report /gpfs/home/pgersberg/libeigen/buikd_dir/CMakeFiles/CMakeTmp/CMakeFiles 1
Building C object CMakeFiles/cmTryCompileExec683431489.dir/CheckFunctionExists.c.o
/usr/bin/cc   -DCHECK_FUNCTION_EXISTS=connect   -o CMakeFiles/cmTryCompileExec683431489.dir/CheckFunctionExists.c.o   -c /usr/share/cmake/Modules/CheckFunctionExists.c
Linking C executable cmTryCompileExec683431489
/usr/bin/cmake -E cmake_link_script CMakeFiles/cmTryCompileExec683431489.dir/link.txt --verbose=1
/usr/bin/cc   -DCHECK_FUNCTION_EXISTS=connect    CMakeFiles/cmTryCompileExec683431489.dir/CheckFunctionExists.c.o  -o cmTryCompileExec683431489 -rdynamic 
gmake[1] : on quitte le répertoire « /gpfs/home/pgersberg/libeigen/buikd_dir/CMakeFiles/CMakeTmp »


Determining if the function remove exists passed with the following output:
Change Dir: /gpfs/home/pgersberg/libeigen/buikd_dir/CMakeFiles/CMakeTmp

Run Build Command:/usr/bin/gmake "cmTryCompileExec434124894/fast"
/usr/bin/gmake -f CMakeFiles/cmTryCompileExec434124894.dir/build.make CMakeFiles/cmTryCompileExec434124894.dir/build
gmake[1] : on entre dans le répertoire « /gpfs/home/pgersberg/libeigen/buikd_dir/CMakeFiles/CMakeTmp »
/usr/bin/cmake -E cmake_progress_report /gpfs/home/pgersberg/libeigen/buikd_dir/CMakeFiles/CMakeTmp/CMakeFiles 1
Building C object CMakeFiles/cmTryCompileExec434124894.dir/CheckFunctionExists.c.o
/usr/bin/cc   -DCHECK_FUNCTION_EXISTS=remove   -o CMakeFiles/cmTryCompileExec434124894.dir/CheckFunctionExists.c.o   -c /usr/share/cmake/Modules/CheckFunctionExists.c
Linking C executable cmTryCompileExec434124894
/usr/bin/cmake -E cmake_link_script CMakeFiles/cmTryCompileExec434124894.dir/link.txt --verbose=1
/usr/bin/cc   -DCHECK_FUNCTION_EXISTS=remove    CMakeFiles/cmTryCompileExec434124894.dir/CheckFunctionExists.c.o  -o cmTryCompileExec434124894 -rdynamic 
gmake[1] : on quitte le répertoire « /gpfs/home/pgersberg/libeigen/buikd_dir/CMakeFiles/CMakeTmp »


Determining if the function shmat exists passed with the following output:
Change Dir: /gpfs/home/pgersberg/libeigen/buikd_dir/CMakeFiles/CMakeTmp

Run Build Command:/usr/bin/gmake "cmTryCompileExec1622178253/fast"
/usr/bin/gmake -f CMakeFiles/cmTryCompileExec1622178253.dir/build.make CMakeFiles/cmTryCompileExec1622178253.dir/build
gmake[1] : on entre dans le répertoire « /gpfs/home/pgersberg/libeigen/buikd_dir/CMakeFiles/CMakeTmp »
/usr/bin/cmake -E cmake_progress_report /gpfs/home/pgersberg/libeigen/buikd_dir/CMakeFiles/CMakeTmp/CMakeFiles 1
Building C object CMakeFiles/cmTryCompileExec1622178253.dir/CheckFunctionExists.c.o
/usr/bin/cc   -DCHECK_FUNCTION_EXISTS=shmat   -o CMakeFiles/cmTryCompileExec1622178253.dir/CheckFunctionExists.c.o   -c /usr/share/cmake/Modules/CheckFunctionExists.c
Linking C executable cmTryCompileExec1622178253
/usr/bin/cmake -E cmake_link_script CMakeFiles/cmTryCompileExec1622178253.dir/link.txt --verbose=1
/usr/bin/cc   -DCHECK_FUNCTION_EXISTS=shmat    CMakeFiles/cmTryCompileExec1622178253.dir/CheckFunctionExists.c.o  -o cmTryCompileExec1622178253 -rdynamic 
gmake[1] : on quitte le répertoire « /gpfs/home/pgersberg/libeigen/buikd_dir/CMakeFiles/CMakeTmp »


Determining if the function IceConnectionNumber exists in the ICE passed with the following output:
Change Dir: /gpfs/home/pgersberg/libeigen/buikd_dir/CMakeFiles/CMakeTmp

Run Build Command:/usr/bin/gmake "cmTryCompileExec1943059976/fast"
/usr/bin/gmake -f CMakeFiles/cmTryCompileExec1943059976.dir/build.make CMakeFiles/cmTryCompileExec1943059976.dir/build
gmake[1] : on entre dans le répertoire « /gpfs/home/pgersberg/libeigen/buikd_dir/CMakeFiles/CMakeTmp »
/usr/bin/cmake -E cmake_progress_report /gpfs/home/pgersberg/libeigen/buikd_dir/CMakeFiles/CMakeTmp/CMakeFiles 1
Building C object CMakeFiles/cmTryCompileExec1943059976.dir/CheckFunctionExists.c.o
/usr/bin/cc   -DCHECK_FUNCTION_EXISTS=IceConnectionNumber   -o CMakeFiles/cmTryCompileExec1943059976.dir/CheckFunctionExists.c.o   -c /usr/share/cmake/Modules/CheckFunctionExists.c
Linking C executable cmTryCompileExec1943059976
/usr/bin/cmake -E cmake_link_script CMakeFiles/cmTryCompileExec1943059976.dir/link.txt --verbose=1
/usr/bin/cc   -DCHECK_FUNCTION_EXISTS=IceConnectionNumber    CMakeFiles/cmTryCompileExec1943059976.dir/CheckFunctionExists.c.o  -o cmTryCompileExec1943059976 -rdynamic -lICE 
gmake[1] : on quitte le répertoire « /gpfs/home/pgersberg/libeigen/buikd_dir/CMakeFiles/CMakeTmp »


