

*******************************************************************************
Wed Oct  2 12:10:05 2019


FIT:    data read from 'Court.1-0.876768'
        format = z
	y range restricted to [-37.4862 : 426.098]
        #datapoints = 427
        residuals are weighted equally (unit weight)

function used for fitting: f(x)
fitted parameters initialized with current variable values



 Iteration 0
 WSSR        : 2.08298e+08       delta(WSSR)/WSSR   : 0
 delta(WSSR) : 0                 limit for stopping : 1e-05
 lambda	  : 0.0404034

initial set of free parameter values

a               = 1
l               = 1

After 24 iterations the fit converged.
final sum of squares of residuals : 3.89128e+07
rel. change during last iteration : -7.64145e-06

degrees of freedom    (FIT_NDF)                        : 425
rms of residuals      (FIT_STDFIT) = sqrt(WSSR/ndf)    : 302.588
variance of residuals (reduced chisquare) = WSSR/ndf   : 91559.6

Final set of parameters            Asymptotic Standard Error
=======================            ==========================

a               = 4606.71          +/- 146.6        (3.182%)
l               = 14.9428          +/- 0.6953       (4.653%)


correlation matrix of the fit parameters:

               a      l      
a               1.000 
l              -0.683  1.000 


*******************************************************************************
Wed Oct  2 12:11:26 2019


FIT:    data read from 'Court.1-0.876768'
        format = z
        #datapoints = 100000
        residuals are weighted equally (unit weight)

function used for fitting: f(x)
fitted parameters initialized with current variable values



 Iteration 0
 WSSR        : 4.32751e+08       delta(WSSR)/WSSR   : 0
 delta(WSSR) : 0                 limit for stopping : 1e-05
 lambda	  : 0.00264017

initial set of free parameter values

a               = 1
l               = 1

After 19 iterations the fit converged.
final sum of squares of residuals : 2.63368e+08
rel. change during last iteration : -6.97522e-06

degrees of freedom    (FIT_NDF)                        : 99998
rms of residuals      (FIT_STDFIT) = sqrt(WSSR/ndf)    : 51.3199
variance of residuals (reduced chisquare) = WSSR/ndf   : 2633.73

Final set of parameters            Asymptotic Standard Error
=======================            ==========================

a               = 4590.22          +/- 24.78        (0.5399%)
l               = 15.0574          +/- 0.1188       (0.7892%)


correlation matrix of the fit parameters:

               a      l      
a               1.000 
l              -0.683  1.000 
