

*******************************************************************************
Thu Sep 26 17:24:56 2019


FIT:    data read from 'auout0-0.822282'
        format = z
	y range restricted to [-232.994 : 358.864]
        #datapoints = 359
        residuals are weighted equally (unit weight)

function used for fitting: f(x)
fitted parameters initialized with current variable values



*******************************************************************************
Thu Sep 26 17:24:58 2019


FIT:    data read from 'auout0-0.822282'
        format = z
	y range restricted to [-232.994 : 358.864]
        #datapoints = 359
        residuals are weighted equally (unit weight)

function used for fitting: f(x)
fitted parameters initialized with current variable values



 Iteration 0
 WSSR        : 1.62871e+06       delta(WSSR)/WSSR   : 0
 delta(WSSR) : 0                 limit for stopping : 1e-05
 lambda	  : 0.0440641

initial set of free parameter values

a               = 1
l               = 1

After 11 iterations the fit converged.
final sum of squares of residuals : 178728
rel. change during last iteration : -2.53244e-06

degrees of freedom    (FIT_NDF)                        : 357
rms of residuals      (FIT_STDFIT) = sqrt(WSSR/ndf)    : 22.375
variance of residuals (reduced chisquare) = WSSR/ndf   : 500.639

Final set of parameters            Asymptotic Standard Error
=======================            ==========================

a               = 543.302          +/- 13.52        (2.489%)
l               = 8.79953          +/- 0.3275       (3.722%)


correlation matrix of the fit parameters:

               a      l      
a               1.000 
l              -0.666  1.000 
